Using pre-set license
Built from '2021.3/staging' branch; Version is '2021.3.15f1 (e8e88683f834) revision 15263878'; Using compiler version '192829333'; Build Type 'Release'
OS: 'Windows 10  (10.0.19045) 64bit Professional' Language: 'ru' Physical Memory: 16309 MB
BatchMode: 1, IsHumanControllingUs: 0, StartBugReporterOnCrash: 0, Is64bit: 1, IsPro: 1

COMMAND LINE ARGUMENTS:
D:\SOFT\UNITY\2021.3.15f1\Editor\Unity.exe
-adb2
-batchMode
-noUpm
-name
AssetImportWorker0
-projectPath
F:/gonkiitochka/gonkiitochka/gonkiitochka/Гонки и точка/Гонки и точка
-logFile
Logs/AssetImportWorker0.log
-srvPort
51771
Successfully changed project path to: F:/gonkiitochka/gonkiitochka/gonkiitochka/Гонки и точка/Гонки и точка
F:/gonkiitochka/gonkiitochka/gonkiitochka/Гонки и точка/Гонки и точка
[UnityMemory] Configuration Parameters - Can be set up in boot.config
    "memorysetup-bucket-allocator-granularity=16"
    "memorysetup-bucket-allocator-bucket-count=8"
    "memorysetup-bucket-allocator-block-size=33554432"
    "memorysetup-bucket-allocator-block-count=8"
    "memorysetup-main-allocator-block-size=16777216"
    "memorysetup-thread-allocator-block-size=16777216"
    "memorysetup-gfx-main-allocator-block-size=16777216"
    "memorysetup-gfx-thread-allocator-block-size=16777216"
    "memorysetup-cache-allocator-block-size=4194304"
    "memorysetup-typetree-allocator-block-size=2097152"
    "memorysetup-profiler-bucket-allocator-granularity=16"
    "memorysetup-profiler-bucket-allocator-bucket-count=8"
    "memorysetup-profiler-bucket-allocator-block-size=33554432"
    "memorysetup-profiler-bucket-allocator-block-count=8"
    "memorysetup-profiler-allocator-block-size=16777216"
    "memorysetup-profiler-editor-allocator-block-size=1048576"
    "memorysetup-temp-allocator-size-main=16777216"
    "memorysetup-job-temp-allocator-block-size=2097152"
    "memorysetup-job-temp-allocator-block-size-background=1048576"
    "memorysetup-job-temp-allocator-reduction-small-platforms=262144"
    "memorysetup-temp-allocator-size-background-worker=32768"
    "memorysetup-temp-allocator-size-job-worker=262144"
    "memorysetup-temp-allocator-size-preload-manager=33554432"
    "memorysetup-temp-allocator-size-nav-mesh-worker=65536"
    "memorysetup-temp-allocator-size-audio-worker=65536"
    "memorysetup-temp-allocator-size-cloud-worker=32768"
    "memorysetup-temp-allocator-size-gi-baking-worker=262144"
    "memorysetup-temp-allocator-size-gfx=262144"
Player connection [2660] Host "[IP] 26.224.166.102 [Port] 0 [Flags] 2 [Guid] 3723641408 [EditorId] 3723641408 [Version] 1048832 [Id] WindowsEditor(7,DESKTOP-QH4G1QI) [Debug] 1 [PackageName] WindowsEditor [ProjectName] Editor" joined multi-casting on [225.0.0.222:54997]...

Player connection [2660] Host "[IP] 26.224.166.102 [Port] 0 [Flags] 2 [Guid] 3723641408 [EditorId] 3723641408 [Version] 1048832 [Id] WindowsEditor(7,DESKTOP-QH4G1QI) [Debug] 1 [PackageName] WindowsEditor [ProjectName] Editor" joined alternative multi-casting on [225.0.0.222:34997]...

Refreshing native plugins compatible for Editor in 132.27 ms, found 3 plugins.
Preloading 0 native plugins for Editor in 0.00 ms.
Initialize engine version: 2021.3.15f1 (e8e88683f834)
[Subsystems] Discovering subsystems at path D:/SOFT/UNITY/2021.3.15f1/Editor/Data/Resources/UnitySubsystems
[Subsystems] Discovering subsystems at path F:/gonkiitochka/gonkiitochka/gonkiitochka/Гонки и точка/Гонки и точка/Assets
GfxDevice: creating device client; threaded=0; jobified=0
Direct3D:
    Version:  Direct3D 11.0 [level 11.1]
    Renderer: Radeon RX 580 Series (ID=0x67df)
    Vendor:   ATI
    VRAM:     4074 MB
    Driver:   31.0.12027.9001
Initialize mono
Mono path[0] = 'D:/SOFT/UNITY/2021.3.15f1/Editor/Data/Managed'
Mono path[1] = 'D:/SOFT/UNITY/2021.3.15f1/Editor/Data/MonoBleedingEdge/lib/mono/unityjit-win32'
Mono config path = 'D:/SOFT/UNITY/2021.3.15f1/Editor/Data/MonoBleedingEdge/etc'
Using monoOptions --debugger-agent=transport=dt_socket,embedding=1,server=y,suspend=n,address=127.0.0.1:56392
Begin MonoManager ReloadAssembly
Registering precompiled unity dll's ...
Register platform support module: D:/SOFT/UNITY/2021.3.15f1/Editor/Data/PlaybackEngines/WindowsStandaloneSupport/UnityEditor.WindowsStandalone.Extensions.dll
Registered in 0.004998 seconds.
Native extension for WindowsStandalone target not found
Refreshing native plugins compatible for Editor in 163.71 ms, found 3 plugins.
Preloading 0 native plugins for Editor in 0.00 ms.
Mono: successfully reloaded assembly
- Completed reload, in  0.903 seconds
Domain Reload Profiling:
	ReloadAssembly (904ms)
		BeginReloadAssembly (117ms)
			ExecutionOrderSort (0ms)
			DisableScriptedObjects (0ms)
			BackupInstance (0ms)
			ReleaseScriptingObjects (0ms)
			CreateAndSetChildDomain (1ms)
		EndReloadAssembly (622ms)
			LoadAssemblies (116ms)
			RebuildTransferFunctionScriptingTraits (0ms)
			SetupTypeCache (161ms)
			ReleaseScriptCaches (0ms)
			RebuildScriptCaches (39ms)
			SetupLoadedEditorAssemblies (357ms)
				LogAssemblyErrors (0ms)
				InitializePlatformSupportModulesInManaged (10ms)
				SetLoadedEditorAssemblies (0ms)
				RefreshPlugins (164ms)
				BeforeProcessingInitializeOnLoad (1ms)
				ProcessInitializeOnLoadAttributes (133ms)
				ProcessInitializeOnLoadMethodAttributes (49ms)
				AfterProcessingInitializeOnLoad (0ms)
				EditorAssembliesLoaded (0ms)
			ExecutionOrderSort2 (0ms)
			AwakeInstancesAfterBackupRestoration (0ms)
Platform modules already initialized, skipping
Registering precompiled user dll's ...
Registered in 0.006813 seconds.
Begin MonoManager ReloadAssembly
Symbol file LoadedFromMemory doesn't match image F:\gonkiitochka\gonkiitochka\gonkiitochka\Гонки и точка\Гонки и точка\Library\PackageCache\com.unity.visualscripting@1.7.8\Editor\VisualScripting.Core\Dependencies\YamlDotNet\Unity.VisualScripting.YamlDotNet.dll
Symbol file LoadedFromMemory doesn't match image F:\gonkiitochka\gonkiitochka\gonkiitochka\Гонки и точка\Гонки и точка\Library\PackageCache\com.unity.visualscripting@1.7.8\Editor\VisualScripting.Core\Dependencies\DotNetZip\Unity.VisualScripting.IonicZip.dll
Native extension for WindowsStandalone target not found
Refreshing native plugins compatible for Editor in 125.16 ms, found 3 plugins.
Preloading 0 native plugins for Editor in 0.00 ms.
Mono: successfully reloaded assembly
- Completed reload, in  1.447 seconds
Domain Reload Profiling:
	ReloadAssembly (1448ms)
		BeginReloadAssembly (117ms)
			ExecutionOrderSort (0ms)
			DisableScriptedObjects (6ms)
			BackupInstance (0ms)
			ReleaseScriptingObjects (0ms)
			CreateAndSetChildDomain (22ms)
		EndReloadAssembly (1218ms)
			LoadAssemblies (89ms)
			RebuildTransferFunctionScriptingTraits (0ms)
			SetupTypeCache (355ms)
			ReleaseScriptCaches (1ms)
			RebuildScriptCaches (81ms)
			SetupLoadedEditorAssemblies (651ms)
				LogAssemblyErrors (0ms)
				InitializePlatformSupportModulesInManaged (5ms)
				SetLoadedEditorAssemblies (0ms)
				RefreshPlugins (125ms)
				BeforeProcessingInitializeOnLoad (107ms)
				ProcessInitializeOnLoadAttributes (319ms)
				ProcessInitializeOnLoadMethodAttributes (90ms)
				AfterProcessingInitializeOnLoad (4ms)
				EditorAssembliesLoaded (0ms)
			ExecutionOrderSort2 (0ms)
			AwakeInstancesAfterBackupRestoration (6ms)
Platform modules already initialized, skipping
========================================================================
Worker process is ready to serve import requests
Launched and connected shader compiler UnityShaderCompiler.exe after 0.06 seconds
Refreshing native plugins compatible for Editor in 0.95 ms, found 3 plugins.
Preloading 0 native plugins for Editor in 0.00 ms.
Unloading 5335 Unused Serialized files (Serialized files now loaded: 0)
Unloading 57 unused Assets / (1.2 MB). Loaded Objects now: 5791.
Memory consumption went from 215.8 MB to 214.7 MB.
Total: 3.826100 ms (FindLiveObjects: 0.492100 ms CreateObjectMapping: 0.517400 ms MarkObjects: 2.362600 ms  DeleteObjects: 0.453100 ms)

AssetImportParameters requested are different than current active one (requested -> active):
  custom:video-decoder-ogg-theora: a1e56fd34408186e4bbccfd4996cb3dc -> 
  custom:container-muxer-webm: aa71ff27fc2769a1b78a27578f13a17b -> 
  custom:container-demuxer-webm: 4f35f7cbe854078d1ac9338744f61a02 -> 
  custom:video-encoder-webm-vp8: eb34c28f22e8b96e1ab97ce403110664 -> 
  custom:audio-encoder-webm-vorbis: bf7c407c2cedff20999df2af8eb42d56 -> 
  custom:framework-win-MediaFoundation: 216162199b28c13a410421893ffa2e32 -> 
  custom:container-demuxer-ogg: 62fdf1f143b41e24485cea50d1cbac27 -> 
  custom:video-decoder-webm-vp8: 9c59270c3fd7afecdb556c50c9e8de78 -> 
  custom:audio-decoder-ogg-vorbis: bf7c407c2cedff20999df2af8eb42d56 -> 
========================================================================
Received Import Request.
  Time since last request: 64567.701382 seconds.
  path: Assets/Others/SkyBox/AllSkyFree/Cold Night/Materials/Cold Night Equirect.mat
  artifactKey: Guid(8feebee84e7b5a648a2323ab9aa8332e) Importer(815301076,1909f56bfc062723c751e8b465ee728b)
Start importing Assets/Others/SkyBox/AllSkyFree/Cold Night/Materials/Cold Night Equirect.mat using Guid(8feebee84e7b5a648a2323ab9aa8332e) Importer(815301076,1909f56bfc062723c751e8b465ee728b)  -> (artifact id: '8f195eb36d936e79920ff467d1987988') in 0.443513 seconds 
========================================================================
Received Prepare
Registering precompiled user dll's ...
Registered in 0.006340 seconds.
Begin MonoManager ReloadAssembly
Symbol file LoadedFromMemory doesn't match image F:\gonkiitochka\gonkiitochka\gonkiitochka\Гонки и точка\Гонки и точка\Library\PackageCache\com.unity.visualscripting@1.7.8\Editor\VisualScripting.Core\Dependencies\YamlDotNet\Unity.VisualScripting.YamlDotNet.dll
Symbol file LoadedFromMemory doesn't match image F:\gonkiitochka\gonkiitochka\gonkiitochka\Гонки и точка\Гонки и точка\Library\PackageCache\com.unity.visualscripting@1.7.8\Editor\VisualScripting.Core\Dependencies\DotNetZip\Unity.VisualScripting.IonicZip.dll
Native extension for WindowsStandalone target not found
Refreshing native plugins compatible for Editor in 1.03 ms, found 3 plugins.
Preloading 0 native plugins for Editor in 0.00 ms.
Mono: successfully reloaded assembly
- Completed reload, in  1.126 seconds
Domain Reload Profiling:
	ReloadAssembly (1127ms)
		BeginReloadAssembly (142ms)
			ExecutionOrderSort (0ms)
			DisableScriptedObjects (7ms)
			BackupInstance (0ms)
			ReleaseScriptingObjects (0ms)
			CreateAndSetChildDomain (46ms)
		EndReloadAssembly (897ms)
			LoadAssemblies (89ms)
			RebuildTransferFunctionScriptingTraits (0ms)
			SetupTypeCache (276ms)
			ReleaseScriptCaches (2ms)
			RebuildScriptCaches (51ms)
			SetupLoadedEditorAssemblies (408ms)
				LogAssemblyErrors (0ms)
				InitializePlatformSupportModulesInManaged (11ms)
				SetLoadedEditorAssemblies (0ms)
				RefreshPlugins (1ms)
				BeforeProcessingInitializeOnLoad (77ms)
				ProcessInitializeOnLoadAttributes (240ms)
				ProcessInitializeOnLoadMethodAttributes (76ms)
				AfterProcessingInitializeOnLoad (3ms)
				EditorAssembliesLoaded (0ms)
			ExecutionOrderSort2 (0ms)
			AwakeInstancesAfterBackupRestoration (12ms)
Platform modules already initialized, skipping
Refreshing native plugins compatible for Editor in 2.25 ms, found 3 plugins.
Preloading 0 native plugins for Editor in 0.00 ms.
Unloading 5212 Unused Serialized files (Serialized files now loaded: 0)
Unloading 38 unused Assets / (1.2 MB). Loaded Objects now: 5892.
Memory consumption went from 214.0 MB to 212.8 MB.
Total: 4.223500 ms (FindLiveObjects: 0.437600 ms CreateObjectMapping: 0.593600 ms MarkObjects: 2.706400 ms  DeleteObjects: 0.484900 ms)

AssetImportParameters requested are different than current active one (requested -> active):
  custom:video-decoder-ogg-theora: a1e56fd34408186e4bbccfd4996cb3dc -> 
  custom:container-muxer-webm: aa71ff27fc2769a1b78a27578f13a17b -> 
  custom:container-demuxer-webm: 4f35f7cbe854078d1ac9338744f61a02 -> 
  custom:video-encoder-webm-vp8: eb34c28f22e8b96e1ab97ce403110664 -> 
  custom:audio-encoder-webm-vorbis: bf7c407c2cedff20999df2af8eb42d56 -> 
  custom:framework-win-MediaFoundation: 216162199b28c13a410421893ffa2e32 -> 
  custom:container-demuxer-ogg: 62fdf1f143b41e24485cea50d1cbac27 -> 
  custom:video-decoder-webm-vp8: 9c59270c3fd7afecdb556c50c9e8de78 -> 
  custom:audio-decoder-ogg-vorbis: bf7c407c2cedff20999df2af8eb42d56 -> 
========================================================================
Received Import Request.
  Time since last request: 89.420577 seconds.
  path: Assets/Others/SkyBox/AllSkyFree/Cold Night/Cold Night.mat
  artifactKey: Guid(9af23ba5fa5364ff598888460e0e2759) Importer(815301076,1909f56bfc062723c751e8b465ee728b)
Start importing Assets/Others/SkyBox/AllSkyFree/Cold Night/Cold Night.mat using Guid(9af23ba5fa5364ff598888460e0e2759) Importer(815301076,1909f56bfc062723c751e8b465ee728b)  -> (artifact id: '20bcd2d0727bf6aed59b91e203f0e6ee') in 0.304544 seconds 
========================================================================
Received Import Request.
  Time since last request: 0.000024 seconds.
  path: Assets/Others/SkyBox/AllSkyFree/Cold Sunset/Cold Sunset Equirect.mat
  artifactKey: Guid(01f4eb1c73693428d923f1520032e7f9) Importer(815301076,1909f56bfc062723c751e8b465ee728b)
Start importing Assets/Others/SkyBox/AllSkyFree/Cold Sunset/Cold Sunset Equirect.mat using Guid(01f4eb1c73693428d923f1520032e7f9) Importer(815301076,1909f56bfc062723c751e8b465ee728b)  -> (artifact id: '693c8745b2ccd63a4c6191a39fb268f8') in 0.042459 seconds 
========================================================================
Received Import Request.
  Time since last request: 0.000040 seconds.
  path: Assets/Others/SkyBox/AllSkyFree/Cold Night/Cold Night Equirect.mat
  artifactKey: Guid(eac2ef371405749e0bd050b4c3272f16) Importer(815301076,1909f56bfc062723c751e8b465ee728b)
Start importing Assets/Others/SkyBox/AllSkyFree/Cold Night/Cold Night Equirect.mat using Guid(eac2ef371405749e0bd050b4c3272f16) Importer(815301076,1909f56bfc062723c751e8b465ee728b)  -> (artifact id: '6c2d08d8671fa3fcb3456f7f62ca02ad') in 0.039128 seconds 
========================================================================
Received Import Request.
  Time since last request: 0.000022 seconds.
  path: Assets/SceneGame/RealisticCarControllerV3/Models/City/Mat/Concrete Aggregate.mat
  artifactKey: Guid(2b3accdb2ba071c4bbb3492bceb79228) Importer(815301076,1909f56bfc062723c751e8b465ee728b)
Start importing Assets/SceneGame/RealisticCarControllerV3/Models/City/Mat/Concrete Aggregate.mat using Guid(2b3accdb2ba071c4bbb3492bceb79228) Importer(815301076,1909f56bfc062723c751e8b465ee728b)  -> (artifact id: '27fb00eb6e92e7b7fa7919256693c32b') in 0.033694 seconds 
========================================================================
Received Import Request.
  Time since last request: 0.000022 seconds.
  path: Assets/Others/SkyBox/AllSkyFree/Cold Sunset/Cold Sunset.mat
  artifactKey: Guid(2d796ced94d61438fbab81b194038162) Importer(815301076,1909f56bfc062723c751e8b465ee728b)
Start importing Assets/Others/SkyBox/AllSkyFree/Cold Sunset/Cold Sunset.mat using Guid(2d796ced94d61438fbab81b194038162) Importer(815301076,1909f56bfc062723c751e8b465ee728b)  -> (artifact id: '2a1c1174cd334da702b48b07147cc3a1') in 0.025982 seconds 
========================================================================
Received Import Request.
  Time since last request: 0.000024 seconds.
  path: Assets/SceneGame/RealisticCarControllerV3/Models/City/Mat/Concrete_Aggregate_Small.mat
  artifactKey: Guid(30804520cd865244b8281b9825422b52) Importer(815301076,1909f56bfc062723c751e8b465ee728b)
Start importing Assets/SceneGame/RealisticCarControllerV3/Models/City/Mat/Concrete_Aggregate_Small.mat using Guid(30804520cd865244b8281b9825422b52) Importer(815301076,1909f56bfc062723c751e8b465ee728b)  -> (artifact id: '87efceedf46ed3a5eb4f83f84fc0ab1b') in 0.065615 seconds 
========================================================================
Received Import Request.
  Time since last request: 0.000023 seconds.
  path: Assets/SceneGame/RealisticCarControllerV3/Models/City/Mat/Concrete 4x8.mat
  artifactKey: Guid(0cfa19bf4d5a1b4468d21eb81bc5c8ca) Importer(815301076,1909f56bfc062723c751e8b465ee728b)
Start importing Assets/SceneGame/RealisticCarControllerV3/Models/City/Mat/Concrete 4x8.mat using Guid(0cfa19bf4d5a1b4468d21eb81bc5c8ca) Importer(815301076,1909f56bfc062723c751e8b465ee728b)  -> (artifact id: 'f2946f6b33310971be54a174339a2fad') in 0.355416 seconds 
========================================================================
Received Import Request.
  Time since last request: 0.000028 seconds.
  path: Assets/SceneGame/RealisticCarControllerV3/Models/City/Mat/Concrete Squares.mat
  artifactKey: Guid(a9f0cad5b1e047948a584b01135f60fa) Importer(815301076,1909f56bfc062723c751e8b465ee728b)
Start importing Assets/SceneGame/RealisticCarControllerV3/Models/City/Mat/Concrete Squares.mat using Guid(a9f0cad5b1e047948a584b01135f60fa) Importer(815301076,1909f56bfc062723c751e8b465ee728b)  -> (artifact id: '2bd594dd5f66266cd5d0308b8d7048cc') in 0.015058 seconds 
========================================================================
Received Import Request.
  Time since last request: 0.824823 seconds.
  path: Assets/SceneGame/Materials/Moscow/concrete_color.1.mat
  artifactKey: Guid(27b412cba04a15846b17d543a71a5b75) Importer(815301076,1909f56bfc062723c751e8b465ee728b)
Start importing Assets/SceneGame/Materials/Moscow/concrete_color.1.mat using Guid(27b412cba04a15846b17d543a71a5b75) Importer(815301076,1909f56bfc062723c751e8b465ee728b)  -> (artifact id: 'ae4e7a85d226f766a03dd01b2f72e98d') in 0.024067 seconds 
========================================================================
Received Import Request.
  Time since last request: 0.000020 seconds.
  path: Assets/Others/Moscow/Materials2/concrete_color.1.mat
  artifactKey: Guid(40575e8fcd02c3840b2147646647b829) Importer(815301076,1909f56bfc062723c751e8b465ee728b)
Start importing Assets/Others/Moscow/Materials2/concrete_color.1.mat using Guid(40575e8fcd02c3840b2147646647b829) Importer(815301076,1909f56bfc062723c751e8b465ee728b)  -> (artifact id: '29e0bd97b94656bc5eea0d79aaaa2e7f') in 0.014875 seconds 
========================================================================
Received Import Request.
  Time since last request: 0.034041 seconds.
  path: Assets/Others/Moscow/Materials2/concrete_color.2.mat
  artifactKey: Guid(7dcb3dcd1c8056f4a8a1ca090baf3a57) Importer(815301076,1909f56bfc062723c751e8b465ee728b)
Start importing Assets/Others/Moscow/Materials2/concrete_color.2.mat using Guid(7dcb3dcd1c8056f4a8a1ca090baf3a57) Importer(815301076,1909f56bfc062723c751e8b465ee728b)  -> (artifact id: '57f62aaa21aa21d5e3c22120b9678f92') in 0.014074 seconds 
========================================================================
Received Import Request.
  Time since last request: 0.000024 seconds.
  path: Assets/SceneGame/Materials/Moscow/concrete_color.2.mat
  artifactKey: Guid(342706a269d471f42967d55fd50bfcd2) Importer(815301076,1909f56bfc062723c751e8b465ee728b)
Start importing Assets/SceneGame/Materials/Moscow/concrete_color.2.mat using Guid(342706a269d471f42967d55fd50bfcd2) Importer(815301076,1909f56bfc062723c751e8b465ee728b)  -> (artifact id: '9c9a6748a82d56be477f414bfebca021') in 0.013509 seconds 
========================================================================
Received Import Request.
  Time since last request: 0.418886 seconds.
  path: Assets/SceneGame/Materials/Moscow/concrete_color.3.mat
  artifactKey: Guid(6c1aa7291167f0c4da94dd2e6b37d44e) Importer(815301076,1909f56bfc062723c751e8b465ee728b)
Start importing Assets/SceneGame/Materials/Moscow/concrete_color.3.mat using Guid(6c1aa7291167f0c4da94dd2e6b37d44e) Importer(815301076,1909f56bfc062723c751e8b465ee728b)  -> (artifact id: '17f89ed62eafe6391afbcee88ab1dee1') in 0.028871 seconds 
========================================================================
Received Import Request.
  Time since last request: 0.000035 seconds.
  path: Assets/Others/Moscow/Materials2/concrete_color.3.mat
  artifactKey: Guid(b007030ffd882ad4dab026460c591310) Importer(815301076,1909f56bfc062723c751e8b465ee728b)
Start importing Assets/Others/Moscow/Materials2/concrete_color.3.mat using Guid(b007030ffd882ad4dab026460c591310) Importer(815301076,1909f56bfc062723c751e8b465ee728b)  -> (artifact id: 'c31c918febaa0a8b4f22d2577525a98e') in 0.014459 seconds 
========================================================================
Received Import Request.
  Time since last request: 0.000026 seconds.
  path: Assets/SceneGame/RealisticCarControllerV3/Models/City/Mat/Containers.mat
  artifactKey: Guid(5a6e1068fc9e46f40b75b566ca49dfb2) Importer(815301076,1909f56bfc062723c751e8b465ee728b)
Start importing Assets/SceneGame/RealisticCarControllerV3/Models/City/Mat/Containers.mat using Guid(5a6e1068fc9e46f40b75b566ca49dfb2) Importer(815301076,1909f56bfc062723c751e8b465ee728b)  -> (artifact id: '47153b0d24fe8517e3953e9d4587c57f') in 0.026794 seconds 
========================================================================
Received Import Request.
  Time since last request: 0.000033 seconds.
  path: Assets/SceneGame/RealisticCarControllerV3/Models/Dashboard/Mat/Dashboard.mat
  artifactKey: Guid(3999fd7dc72829c4a94a8988b8e8c717) Importer(815301076,1909f56bfc062723c751e8b465ee728b)
Start importing Assets/SceneGame/RealisticCarControllerV3/Models/Dashboard/Mat/Dashboard.mat using Guid(3999fd7dc72829c4a94a8988b8e8c717) Importer(815301076,1909f56bfc062723c751e8b465ee728b)  -> (artifact id: '1ad9c5660e0cab2a17f67e7d84cdf224') in 0.024001 seconds 
========================================================================
Received Import Request.
  Time since last request: 0.553539 seconds.
  path: Assets/SceneGame/RealisticCarControllerV3/Models/M3_E46/Mat/Dashboard.mat
  artifactKey: Guid(45b1cf5967b5f55498241310134e08d4) Importer(815301076,1909f56bfc062723c751e8b465ee728b)
Start importing Assets/SceneGame/RealisticCarControllerV3/Models/M3_E46/Mat/Dashboard.mat using Guid(45b1cf5967b5f55498241310134e08d4) Importer(815301076,1909f56bfc062723c751e8b465ee728b)  -> (artifact id: '90bf7aeed2e31a48db18a75e8993e6cc') in 0.018526 seconds 
========================================================================
Received Import Request.
  Time since last request: 0.000023 seconds.
  path: Assets/SceneGame/RealisticCarControllerV3/Models/M3_E46/Mat/Dashboard Glass.mat
  artifactKey: Guid(00ca6789b33f8464d963c5e2f504312b) Importer(815301076,1909f56bfc062723c751e8b465ee728b)
Start importing Assets/SceneGame/RealisticCarControllerV3/Models/M3_E46/Mat/Dashboard Glass.mat using Guid(00ca6789b33f8464d963c5e2f504312b) Importer(815301076,1909f56bfc062723c751e8b465ee728b)  -> (artifact id: 'ddc7ebe7236530eadce85c7db3a1ce58') in 0.189655 seconds 
========================================================================
Received Import Request.
  Time since last request: 0.000030 seconds.
  path: Assets/Others/SkyBox/AllSkyFree/Deep Dusk/Deep Dusk Equirect.mat
  artifactKey: Guid(c82a334cf5a5e47978749c210cee72a7) Importer(815301076,1909f56bfc062723c751e8b465ee728b)
Start importing Assets/Others/SkyBox/AllSkyFree/Deep Dusk/Deep Dusk Equirect.mat using Guid(c82a334cf5a5e47978749c210cee72a7) Importer(815301076,1909f56bfc062723c751e8b465ee728b)  -> (artifact id: 'f66b206c87562567c8b78e2394f9d43c') in 0.037838 seconds 
========================================================================
Received Import Request.
  Time since last request: 0.000026 seconds.
  path: Assets/SceneGame/RealisticCarControllerV3/Models/City/Mat/Dirt.mat
  artifactKey: Guid(d1d948967c250b04b899ce326ad04854) Importer(815301076,1909f56bfc062723c751e8b465ee728b)
Start importing Assets/SceneGame/RealisticCarControllerV3/Models/City/Mat/Dirt.mat using Guid(d1d948967c250b04b899ce326ad04854) Importer(815301076,1909f56bfc062723c751e8b465ee728b)  -> (artifact id: '6af3d6bf139cd0d54801a28e0ddc72a2') in 0.199245 seconds 
========================================================================
Received Import Request.
  Time since last request: 0.000028 seconds.
  path: Assets/Others/SkyBox/AllSkyFree/Deep Dusk/Deep Dusk.mat
  artifactKey: Guid(b4f152e0498484391a9f0d5a1facf03b) Importer(815301076,1909f56bfc062723c751e8b465ee728b)
Start importing Assets/Others/SkyBox/AllSkyFree/Deep Dusk/Deep Dusk.mat using Guid(b4f152e0498484391a9f0d5a1facf03b) Importer(815301076,1909f56bfc062723c751e8b465ee728b)  -> (artifact id: 'f6109196bf3c28174b77747a7870042b') in 0.102179 seconds 
========================================================================
Received Import Request.
  Time since last request: 0.000034 seconds.
  path: Assets/Others/SkyBox/AllSkyFree/Cartoon Base BlueSky/Day_BlueSky_Nothing Equirect.mat
  artifactKey: Guid(73324b55f67f54c7bbf43204788b8bbe) Importer(815301076,1909f56bfc062723c751e8b465ee728b)
Start importing Assets/Others/SkyBox/AllSkyFree/Cartoon Base BlueSky/Day_BlueSky_Nothing Equirect.mat using Guid(73324b55f67f54c7bbf43204788b8bbe) Importer(815301076,1909f56bfc062723c751e8b465ee728b)  -> (artifact id: '65274ccac462c5134ae329e1ed9b7a6f') in 0.047360 seconds 
========================================================================
Received Import Request.
  Time since last request: 0.000029 seconds.
  path: Assets/SceneGame/RealisticCarControllerV3/Models/Materials/Dev.mat
  artifactKey: Guid(3daa9d3919a99444fb9c089c3ae0f7ea) Importer(815301076,1909f56bfc062723c751e8b465ee728b)
Start importing Assets/SceneGame/RealisticCarControllerV3/Models/Materials/Dev.mat using Guid(3daa9d3919a99444fb9c089c3ae0f7ea) Importer(815301076,1909f56bfc062723c751e8b465ee728b)  -> (artifact id: '0f80a6a07ed01549e312d87b5665e93c') in 0.279447 seconds 
========================================================================
Received Import Request.
  Time since last request: 0.000028 seconds.
  path: Assets/Others/SkyBox/AllSkyFree/Cartoon Base BlueSky/Day_BlueSky_Nothing.mat
  artifactKey: Guid(c56e28e54cac24b04ae3dd957d214534) Importer(815301076,1909f56bfc062723c751e8b465ee728b)
Start importing Assets/Others/SkyBox/AllSkyFree/Cartoon Base BlueSky/Day_BlueSky_Nothing.mat using Guid(c56e28e54cac24b04ae3dd957d214534) Importer(815301076,1909f56bfc062723c751e8b465ee728b)  -> (artifact id: '5e56b6e58bde484bc852455036adf07c') in 0.056725 seconds 
========================================================================
Received Import Request.
  Time since last request: 0.597698 seconds.
  path: Assets/SceneGame/Models/Cars/Materials/Zil_Yellow/emission.mat
  artifactKey: Guid(b2ac713da95a84b4e9beb8cd0ad22ac3) Importer(815301076,1909f56bfc062723c751e8b465ee728b)
Start importing Assets/SceneGame/Models/Cars/Materials/Zil_Yellow/emission.mat using Guid(b2ac713da95a84b4e9beb8cd0ad22ac3) Importer(815301076,1909f56bfc062723c751e8b465ee728b)  -> (artifact id: '9532723b51bf46ca04484189bb80eaaf') in 0.024864 seconds 
========================================================================
Received Import Request.
  Time since last request: 0.000041 seconds.
  path: Assets/SceneGame/Models/Cars/Materials/Gaz_Blue/emission.mat
  artifactKey: Guid(ac9350889f79ade4f9ef5105787748ed) Importer(815301076,1909f56bfc062723c751e8b465ee728b)
Start importing Assets/SceneGame/Models/Cars/Materials/Gaz_Blue/emission.mat using Guid(ac9350889f79ade4f9ef5105787748ed) Importer(815301076,1909f56bfc062723c751e8b465ee728b)  -> (artifact id: '2426c7ee0f80b07f5a52a4210df849f6') in 0.014311 seconds 
========================================================================
Received Import Request.
  Time since last request: 51.196731 seconds.
  path: Assets/SceneMenu/Textures/1637320298_32-gamerwall-pro-p-besshumnaya-tekstura-asfalt-oboi-na-zastav-37.jpg
  artifactKey: Guid(dee2025cc97d516408029a832d597da5) Importer(815301076,1909f56bfc062723c751e8b465ee728b)
Start importing Assets/SceneMenu/Textures/1637320298_32-gamerwall-pro-p-besshumnaya-tekstura-asfalt-oboi-na-zastav-37.jpg using Guid(dee2025cc97d516408029a832d597da5) Importer(815301076,1909f56bfc062723c751e8b465ee728b)  -> (artifact id: 'e504fa21033a0e3d8c2da9acbae9a27e') in 0.036754 seconds 
========================================================================
Received Import Request.
  Time since last request: 0.000023 seconds.
  path: Assets/SceneMenu/Textures/1637320298_32-gamerwall-pro-p-besshumnaya-tekstura-asfalt-oboi-na-zastav-37 1.jpg
  artifactKey: Guid(febfab3917b300a42b003459e8d020af) Importer(815301076,1909f56bfc062723c751e8b465ee728b)
Start importing Assets/SceneMenu/Textures/1637320298_32-gamerwall-pro-p-besshumnaya-tekstura-asfalt-oboi-na-zastav-37 1.jpg using Guid(febfab3917b300a42b003459e8d020af) Importer(815301076,1909f56bfc062723c751e8b465ee728b)  -> (artifact id: '173875689e9b9b7167845dc67762d39c') in 0.107822 seconds 
========================================================================
Received Import Request.
  Time since last request: 0.000026 seconds.
  path: Assets/SceneGame/RealisticCarControllerV3/Textures/Dashboard/ABS.png
  artifactKey: Guid(7e89db381e56bcc49a338c5da80f2a87) Importer(815301076,1909f56bfc062723c751e8b465ee728b)
Start importing Assets/SceneGame/RealisticCarControllerV3/Textures/Dashboard/ABS.png using Guid(7e89db381e56bcc49a338c5da80f2a87) Importer(815301076,1909f56bfc062723c751e8b465ee728b)  -> (artifact id: '73cea858d996a9ef1fea387785527faf') in 0.030845 seconds 
========================================================================
Received Import Request.
  Time since last request: 0.633740 seconds.
  path: Assets/SceneGame/RealisticCarControllerV3/Textures/Mobile Textures/Accelerator.png
  artifactKey: Guid(12eadee922d7f3541b6958e3b07e87e4) Importer(815301076,1909f56bfc062723c751e8b465ee728b)
Start importing Assets/SceneGame/RealisticCarControllerV3/Textures/Mobile Textures/Accelerator.png using Guid(12eadee922d7f3541b6958e3b07e87e4) Importer(815301076,1909f56bfc062723c751e8b465ee728b)  -> (artifact id: '9302f6320927bdd31dd7950d7043e366') in 0.018299 seconds 
========================================================================
Received Import Request.
  Time since last request: 0.000022 seconds.
  path: Packages/com.unity.collab-proxy/Editor/Collaborate/Assets/Icons/added-file-dark.png
  artifactKey: Guid(1a4f52b613391cd449af3ad2e44affeb) Importer(815301076,1909f56bfc062723c751e8b465ee728b)
Start importing Packages/com.unity.collab-proxy/Editor/Collaborate/Assets/Icons/added-file-dark.png using Guid(1a4f52b613391cd449af3ad2e44affeb) Importer(815301076,1909f56bfc062723c751e8b465ee728b)  -> (artifact id: 'f00ac9873e9a74cef8adbffa9decfa85') in 0.014725 seconds 
========================================================================
Received Import Request.
  Time since last request: 0.000025 seconds.
  path: Packages/com.unity.collab-proxy/Editor/Collaborate/Assets/Icons/added-file-dark@2x.png
  artifactKey: Guid(c223e0c507e2c6549a2cb97441b62cbe) Importer(815301076,1909f56bfc062723c751e8b465ee728b)
Start importing Packages/com.unity.collab-proxy/Editor/Collaborate/Assets/Icons/added-file-dark@2x.png using Guid(c223e0c507e2c6549a2cb97441b62cbe) Importer(815301076,1909f56bfc062723c751e8b465ee728b)  -> (artifact id: 'b7b305a741601c5b5c46e06649aeeb46') in 0.023486 seconds 
========================================================================
Received Import Request.
  Time since last request: 0.000027 seconds.
  path: Packages/com.unity.collab-proxy/Editor/Collaborate/Assets/Icons/added-file-light@2x.png
  artifactKey: Guid(ec2e3aa6d0ab8ce4eac29b56d65d61d5) Importer(815301076,1909f56bfc062723c751e8b465ee728b)
Start importing Packages/com.unity.collab-proxy/Editor/Collaborate/Assets/Icons/added-file-light@2x.png using Guid(ec2e3aa6d0ab8ce4eac29b56d65d61d5) Importer(815301076,1909f56bfc062723c751e8b465ee728b)  -> (artifact id: 'd002bb2d1c549348df693b19d85edcb9') in 0.011615 seconds 
========================================================================
Received Import Request.
  Time since last request: 0.000022 seconds.
  path: Assets/SceneGame/RealisticCarControllerV3/Resources/Editor/AIIcon.png
  artifactKey: Guid(bf830143bc455384683f9d57e007e1a8) Importer(815301076,1909f56bfc062723c751e8b465ee728b)
Start importing Assets/SceneGame/RealisticCarControllerV3/Resources/Editor/AIIcon.png using Guid(bf830143bc455384683f9d57e007e1a8) Importer(815301076,1909f56bfc062723c751e8b465ee728b)  -> (artifact id: '289f3d7ade020de2aff54d6a695caa09') in 0.011917 seconds 
========================================================================
Received Import Request.
  Time since last request: 0.000023 seconds.
  path: Packages/com.unity.collab-proxy/Editor/Collaborate/Assets/Icons/added-file-light.png
  artifactKey: Guid(397fff6c3885f8343bb65714f0064b5d) Importer(815301076,1909f56bfc062723c751e8b465ee728b)
Start importing Packages/com.unity.collab-proxy/Editor/Collaborate/Assets/Icons/added-file-light.png using Guid(397fff6c3885f8343bb65714f0064b5d) Importer(815301076,1909f56bfc062723c751e8b465ee728b)  -> (artifact id: 'adb0ecbb6961966dd5b9c864eb8363fe') in 0.010838 seconds 
========================================================================
Received Import Request.
  Time since last request: 0.384271 seconds.
  path: Assets/Others/SkyBox/AllSkyFree/Night MoonBurst/AllSky_Night_MoonBurst Equirect.png
  artifactKey: Guid(34a763168147f4182a21b9fd004d67de) Importer(815301076,1909f56bfc062723c751e8b465ee728b)
Start importing Assets/Others/SkyBox/AllSkyFree/Night MoonBurst/AllSky_Night_MoonBurst Equirect.png using Guid(34a763168147f4182a21b9fd004d67de) Importer(815301076,1909f56bfc062723c751e8b465ee728b)  -> (artifact id: '933cde0f9ac6c010c5b5f9bdee84d136') in 0.873669 seconds 
========================================================================
Received Import Request.
  Time since last request: 0.000078 seconds.
  path: Assets/SceneGame/RealisticCarControllerV3/Textures/City Textures/Alpha/Asphalt_D.tif
  artifactKey: Guid(37dccafd009b94443b677c53fdbac062) Importer(815301076,1909f56bfc062723c751e8b465ee728b)
Start importing Assets/SceneGame/RealisticCarControllerV3/Textures/City Textures/Alpha/Asphalt_D.tif using Guid(37dccafd009b94443b677c53fdbac062) Importer(815301076,1909f56bfc062723c751e8b465ee728b)  -> (artifact id: '856d457a7ea4de2e60f2388cc9a05ffb') in 0.018355 seconds 
========================================================================
Received Import Request.
  Time since last request: 0.000033 seconds.
  path: Assets/SceneMenu/Textures/NormalMap/Asphalt.jpg
  artifactKey: Guid(9b016a1c50774834e9d5aac033c3e550) Importer(815301076,1909f56bfc062723c751e8b465ee728b)
Start importing Assets/SceneMenu/Textures/NormalMap/Asphalt.jpg using Guid(9b016a1c50774834e9d5aac033c3e550) Importer(815301076,1909f56bfc062723c751e8b465ee728b)  -> (artifact id: '344adbed7d5844357dcad9ff49b620ab') in 0.015939 seconds 
========================================================================
Received Import Request.
  Time since last request: 0.000022 seconds.
  path: Assets/Others/SkyBox/AllSkyFree/Space_AnotherPlanet/AllSky_Space_AnotherPlanet_Cam_5_Down-Y.png
  artifactKey: Guid(3a639720a92414f45b72b16d6db788ce) Importer(815301076,1909f56bfc062723c751e8b465ee728b)
Start importing Assets/Others/SkyBox/AllSkyFree/Space_AnotherPlanet/AllSky_Space_AnotherPlanet_Cam_5_Down-Y.png using Guid(3a639720a92414f45b72b16d6db788ce) Importer(815301076,1909f56bfc062723c751e8b465ee728b)  -> (artifact id: 'df3e59f9e6fedb2a4135285891045501') in 0.014207 seconds 
========================================================================
Received Import Request.
  Time since last request: 0.000039 seconds.
  path: Assets/Others/SkyBox/AllSkyFree/Space_AnotherPlanet/AllSky_Space_AnotherPlanet_Cam_1_Back-Z.png
  artifactKey: Guid(0264465325ebb45239163258479c2a60) Importer(815301076,1909f56bfc062723c751e8b465ee728b)
Start importing Assets/Others/SkyBox/AllSkyFree/Space_AnotherPlanet/AllSky_Space_AnotherPlanet_Cam_1_Back-Z.png using Guid(0264465325ebb45239163258479c2a60) Importer(815301076,1909f56bfc062723c751e8b465ee728b)  -> (artifact id: '04f2cfd342cda8b0ed1e277f8f2172a7') in 0.013307 seconds 
========================================================================
Received Import Request.
  Time since last request: 0.000022 seconds.
  path: Assets/Others/SkyBox/AllSkyFree/Space_AnotherPlanet/AllSky_Space_AnotherPlanet Equirect.png
  artifactKey: Guid(393dd4c82e2a04ec08ef9f57528230c6) Importer(815301076,1909f56bfc062723c751e8b465ee728b)
Start importing Assets/Others/SkyBox/AllSkyFree/Space_AnotherPlanet/AllSky_Space_AnotherPlanet Equirect.png using Guid(393dd4c82e2a04ec08ef9f57528230c6) Importer(815301076,1909f56bfc062723c751e8b465ee728b)  -> (artifact id: 'ac09d84cfb81214fc94f4d4ce7a42cc3') in 0.538973 seconds 
========================================================================
Received Import Request.
  Time since last request: 0.000036 seconds.
  path: Assets/SceneGame/RealisticCarControllerV3/Textures/Mobile Textures/ArrowLeft.png
  artifactKey: Guid(0ca44adc2f47b6443b42b6ee81cd12ed) Importer(815301076,1909f56bfc062723c751e8b465ee728b)
Start importing Assets/SceneGame/RealisticCarControllerV3/Textures/Mobile Textures/ArrowLeft.png using Guid(0ca44adc2f47b6443b42b6ee81cd12ed) Importer(815301076,1909f56bfc062723c751e8b465ee728b)  -> (artifact id: '594f5a915c5e6e501e55e01b30ce6ebf') in 0.015063 seconds 
========================================================================
Received Import Request.
  Time since last request: 0.000030 seconds.
  path: Assets/SceneGame/RealisticCarControllerV3/Textures/Mobile Textures/BrakePedal.png
  artifactKey: Guid(d697c86e1d55b8945ba94cec37c01081) Importer(815301076,1909f56bfc062723c751e8b465ee728b)
Start importing Assets/SceneGame/RealisticCarControllerV3/Textures/Mobile Textures/BrakePedal.png using Guid(d697c86e1d55b8945ba94cec37c01081) Importer(815301076,1909f56bfc062723c751e8b465ee728b)  -> (artifact id: '48d37b8f08a79b5428862d7abcd49a33') in 0.018501 seconds 
========================================================================
Received Import Request.
  Time since last request: 0.000022 seconds.
  path: Assets/SceneGame/RealisticCarControllerV3/Models/City/Tex/Asphalt.png
  artifactKey: Guid(17fe9236fb89f0e448aa8bf44312676d) Importer(815301076,1909f56bfc062723c751e8b465ee728b)
Start importing Assets/SceneGame/RealisticCarControllerV3/Models/City/Tex/Asphalt.png using Guid(17fe9236fb89f0e448aa8bf44312676d) Importer(815301076,1909f56bfc062723c751e8b465ee728b)  -> (artifact id: '4c9945e59929600640daa68add7010d7') in 0.012068 seconds 
========================================================================
Received Import Request.
  Time since last request: 0.000026 seconds.
  path: Assets/SceneGame/RealisticCarControllerV3/Models/Environment/Textures/Broadleaf_Mobile_Atlas.tga
  artifactKey: Guid(5c0aedd5b65fd174e98177e0fd11c6e6) Importer(815301076,1909f56bfc062723c751e8b465ee728b)
Start importing Assets/SceneGame/RealisticCarControllerV3/Models/Environment/Textures/Broadleaf_Mobile_Atlas.tga using Guid(5c0aedd5b65fd174e98177e0fd11c6e6) Importer(815301076,1909f56bfc062723c751e8b465ee728b)  -> (artifact id: '834790bf724e8e58b6f7d20133ef9da8') in 0.277213 seconds 
========================================================================
Received Import Request.
  Time since last request: 0.000024 seconds.
  path: Assets/Others/SkyBox/AllSkyFree/Overcast Low/AllSky_Overcast4_Low.png
  artifactKey: Guid(c8f21f62fdb3e43c5b32917c84683698) Importer(815301076,1909f56bfc062723c751e8b465ee728b)
Start importing Assets/Others/SkyBox/AllSkyFree/Overcast Low/AllSky_Overcast4_Low.png using Guid(c8f21f62fdb3e43c5b32917c84683698) Importer(815301076,1909f56bfc062723c751e8b465ee728b)  -> (artifact id: 'e590c5bf81ea500e9774c5b889113e5e') in 0.689547 seconds 
========================================================================
Received Import Request.
  Time since last request: 0.000039 seconds.
  path: Assets/SceneGame/RealisticCarControllerV3/Models/Environment/Textures/BroadleafBark_Normal.tga
  artifactKey: Guid(28eb31d9d05575148a3dfc7215d0663d) Importer(815301076,1909f56bfc062723c751e8b465ee728b)
Start importing Assets/SceneGame/RealisticCarControllerV3/Models/Environment/Textures/BroadleafBark_Normal.tga using Guid(28eb31d9d05575148a3dfc7215d0663d) Importer(815301076,1909f56bfc062723c751e8b465ee728b)  -> (artifact id: '5b6501175baeb62518bb429049f84737') in 0.014765 seconds 
========================================================================
Received Import Request.
  Time since last request: 0.000022 seconds.
  path: Packages/com.unity.textmeshpro/Editor Resources/Textures/btn_AlignCapLine.psd
  artifactKey: Guid(0d9a36012a224080966c7b55896aa0f9) Importer(815301076,1909f56bfc062723c751e8b465ee728b)
Start importing Packages/com.unity.textmeshpro/Editor Resources/Textures/btn_AlignCapLine.psd using Guid(0d9a36012a224080966c7b55896aa0f9) Importer(815301076,1909f56bfc062723c751e8b465ee728b)  -> (artifact id: '39a6069558f00eaa989417dc96378895') in 0.018781 seconds 
========================================================================
Received Import Request.
  Time since last request: 0.000020 seconds.
  path: Assets/SceneGame/RealisticCarControllerV3/Models/Environment/Textures/Broadleaf_Mobile_Atlas_Billboards.tga
  artifactKey: Guid(ee532a4fc58382a46920c907ee80e34f) Importer(815301076,1909f56bfc062723c751e8b465ee728b)
Start importing Assets/SceneGame/RealisticCarControllerV3/Models/Environment/Textures/Broadleaf_Mobile_Atlas_Billboards.tga using Guid(ee532a4fc58382a46920c907ee80e34f) Importer(815301076,1909f56bfc062723c751e8b465ee728b)  -> (artifact id: '885e3d428d71bbd526d21ea311fa48d5') in 0.012568 seconds 
========================================================================
Received Import Request.
  Time since last request: 0.000023 seconds.
  path: Packages/com.unity.textmeshpro/Editor Resources/Textures/btn_AlignFlush_Light.psd
  artifactKey: Guid(64b9fad609434c489c32b1cdf2004a1c) Importer(815301076,1909f56bfc062723c751e8b465ee728b)
Start importing Packages/com.unity.textmeshpro/Editor Resources/Textures/btn_AlignFlush_Light.psd using Guid(64b9fad609434c489c32b1cdf2004a1c) Importer(815301076,1909f56bfc062723c751e8b465ee728b)  -> (artifact id: 'a12b015f99b35ff1044451b33d68dc7e') in 0.010973 seconds 
========================================================================
Received Import Request.
  Time since last request: 0.000021 seconds.
  path: Packages/com.unity.textmeshpro/Editor Resources/Textures/btn_AlignFlush.psd
  artifactKey: Guid(691475c57a824010be0c6f474caeb7e1) Importer(815301076,1909f56bfc062723c751e8b465ee728b)
Start importing Packages/com.unity.textmeshpro/Editor Resources/Textures/btn_AlignFlush.psd using Guid(691475c57a824010be0c6f474caeb7e1) Importer(815301076,1909f56bfc062723c751e8b465ee728b)  -> (artifact id: 'd1187b50871be70133743f90d44fc0f4') in 0.010633 seconds 
========================================================================
Received Import Request.
  Time since last request: 0.000023 seconds.
  path: Packages/com.unity.textmeshpro/Editor Resources/Textures/btn_AlignCenter_Light.psd
  artifactKey: Guid(6ace62d30f494c948b71d5594afce11d) Importer(815301076,1909f56bfc062723c751e8b465ee728b)
Start importing Packages/com.unity.textmeshpro/Editor Resources/Textures/btn_AlignCenter_Light.psd using Guid(6ace62d30f494c948b71d5594afce11d) Importer(815301076,1909f56bfc062723c751e8b465ee728b)  -> (artifact id: 'a8ead8b7ecae1efde369d14c05620493') in 0.010548 seconds 
========================================================================
Received Import Request.
  Time since last request: 0.000020 seconds.
  path: Packages/com.unity.textmeshpro/Editor Resources/Textures/btn_AlignBottom_Light.psd
  artifactKey: Guid(585b70cb75dd43efbfead809c30a1731) Importer(815301076,1909f56bfc062723c751e8b465ee728b)
Start importing Packages/com.unity.textmeshpro/Editor Resources/Textures/btn_AlignBottom_Light.psd using Guid(585b70cb75dd43efbfead809c30a1731) Importer(815301076,1909f56bfc062723c751e8b465ee728b)  -> (artifact id: '165d2088eabdaeb72fd1afacb7f23520') in 0.011325 seconds 
========================================================================
Received Import Request.
  Time since last request: 0.000020 seconds.
  path: Assets/SceneMenu/Textures/Asphalt.jpg
  artifactKey: Guid(a6a6b654e55dc034ab117fdcca119dfb) Importer(815301076,1909f56bfc062723c751e8b465ee728b)
Start importing Assets/SceneMenu/Textures/Asphalt.jpg using Guid(a6a6b654e55dc034ab117fdcca119dfb) Importer(815301076,1909f56bfc062723c751e8b465ee728b)  -> (artifact id: 'e07564a130d3a5a5daa8cf744df07558') in 0.012313 seconds 
========================================================================
Received Import Request.
  Time since last request: 0.000022 seconds.
  path: Assets/SceneGame/RealisticCarControllerV3/Textures/Dashboard/BoostNeedle.png
  artifactKey: Guid(aff4127306388e74c9a2c9259e44afc4) Importer(815301076,1909f56bfc062723c751e8b465ee728b)
Start importing Assets/SceneGame/RealisticCarControllerV3/Textures/Dashboard/BoostNeedle.png using Guid(aff4127306388e74c9a2c9259e44afc4) Importer(815301076,1909f56bfc062723c751e8b465ee728b)  -> (artifact id: '371e911a895575d1d1daf143caf8f847') in 0.020435 seconds 
========================================================================
Received Import Request.
  Time since last request: 0.000022 seconds.
  path: Packages/com.unity.textmeshpro/Editor Resources/Textures/btn_AlignLeft.psd
  artifactKey: Guid(9288066c33474b94b6ee5465f4df1cc0) Importer(815301076,1909f56bfc062723c751e8b465ee728b)
Start importing Packages/com.unity.textmeshpro/Editor Resources/Textures/btn_AlignLeft.psd using Guid(9288066c33474b94b6ee5465f4df1cc0) Importer(815301076,1909f56bfc062723c751e8b465ee728b)  -> (artifact id: 'e59d26b0a3d63dd6f6cc157486cbfe5b') in 0.011388 seconds 
========================================================================
Received Import Request.
  Time since last request: 0.000027 seconds.
  path: Assets/Others/SkyBox/AllSkyFree/Space_AnotherPlanet/AllSky_Space_AnotherPlanet_Cam_0_Front+Z.png
  artifactKey: Guid(0b5345cf23ab840779a8cbf1b89f355a) Importer(815301076,1909f56bfc062723c751e8b465ee728b)
Start importing Assets/Others/SkyBox/AllSkyFree/Space_AnotherPlanet/AllSky_Space_AnotherPlanet_Cam_0_Front+Z.png using Guid(0b5345cf23ab840779a8cbf1b89f355a) Importer(815301076,1909f56bfc062723c751e8b465ee728b)  -> (artifact id: '09b78e7a7884b34d705a73f193cb425c') in 0.013381 seconds 
========================================================================
Received Import Request.
  Time since last request: 0.000031 seconds.
  path: Packages/com.unity.textmeshpro/Editor Resources/Textures/btn_AlignRight.psd
  artifactKey: Guid(342a0f8aca7f4f0691338912faec0494) Importer(815301076,1909f56bfc062723c751e8b465ee728b)
Start importing Packages/com.unity.textmeshpro/Editor Resources/Textures/btn_AlignRight.psd using Guid(342a0f8aca7f4f0691338912faec0494) Importer(815301076,1909f56bfc062723c751e8b465ee728b)  -> (artifact id: '8974e80eae8770a10cf3cc05a7cdef1c') in 0.035494 seconds 
========================================================================
Received Import Request.
  Time since last request: 0.000022 seconds.
  path: Assets/Others/SkyBox/AllSkyFree/Space_AnotherPlanet/AllSky_Space_AnotherPlanet_Cam_3_Right-X.png
  artifactKey: Guid(ca9af6b5ce9284592aabb781392ff61e) Importer(815301076,1909f56bfc062723c751e8b465ee728b)
Start importing Assets/Others/SkyBox/AllSkyFree/Space_AnotherPlanet/AllSky_Space_AnotherPlanet_Cam_3_Right-X.png using Guid(ca9af6b5ce9284592aabb781392ff61e) Importer(815301076,1909f56bfc062723c751e8b465ee728b)  -> (artifact id: 'fa1be1bd11d7e8b1cd582b1c92c5adec') in 0.013570 seconds 
========================================================================
Received Import Request.
  Time since last request: 0.000024 seconds.
  path: Packages/com.unity.textmeshpro/Editor Resources/Textures/btn_AlignMiddle_Light.psd
  artifactKey: Guid(066619c9c9c84f89acb1b48c11a7efe2) Importer(815301076,1909f56bfc062723c751e8b465ee728b)
Start importing Packages/com.unity.textmeshpro/Editor Resources/Textures/btn_AlignMiddle_Light.psd using Guid(066619c9c9c84f89acb1b48c11a7efe2) Importer(815301076,1909f56bfc062723c751e8b465ee728b)  -> (artifact id: '64ceb492c40be29204ef3568ac483c48') in 0.012344 seconds 
========================================================================
Received Import Request.
  Time since last request: 0.000021 seconds.
  path: Assets/SceneGame/RealisticCarControllerV3/Textures/City Textures/Normal/Asphalt_N.tif
  artifactKey: Guid(7765e4b36fc4dfa4fbcd1e9c09713b3b) Importer(815301076,1909f56bfc062723c751e8b465ee728b)
Start importing Assets/SceneGame/RealisticCarControllerV3/Textures/City Textures/Normal/Asphalt_N.tif using Guid(7765e4b36fc4dfa4fbcd1e9c09713b3b) Importer(815301076,1909f56bfc062723c751e8b465ee728b)  -> (artifact id: '1f7136a49c7b9be7772f6f3cd7b1a387') in 0.014434 seconds 
========================================================================
Received Import Request.
  Time since last request: 0.000021 seconds.
  path: Packages/com.unity.collab-proxy/Editor/Collaborate/Assets/Icons/back-light.png
  artifactKey: Guid(e676ab7aa99535447a763c9f88bf9260) Importer(815301076,1909f56bfc062723c751e8b465ee728b)
Start importing Packages/com.unity.collab-proxy/Editor/Collaborate/Assets/Icons/back-light.png using Guid(e676ab7aa99535447a763c9f88bf9260) Importer(815301076,1909f56bfc062723c751e8b465ee728b)  -> (artifact id: 'bfae91b47941bd4aa0a7bc1e51c0ba26') in 0.019973 seconds 
========================================================================
Received Import Request.
  Time since last request: 0.000116 seconds.
  path: Packages/com.unity.textmeshpro/Editor Resources/Textures/btn_AlignJustified_Light.psd
  artifactKey: Guid(fa6bd40a216346b783a4cce741d277a5) Importer(815301076,1909f56bfc062723c751e8b465ee728b)
Start importing Packages/com.unity.textmeshpro/Editor Resources/Textures/btn_AlignJustified_Light.psd using Guid(fa6bd40a216346b783a4cce741d277a5) Importer(815301076,1909f56bfc062723c751e8b465ee728b)  -> (artifact id: '80c4cf905e137ffc81eb219b3b6961d3') in 0.012568 seconds 
========================================================================
Received Import Request.
  Time since last request: 0.000024 seconds.
  path: Packages/com.unity.textmeshpro/Editor Resources/Textures/btn_AlignBaseLine.psd
  artifactKey: Guid(8bc445bb79654bf496c92d0407840a92) Importer(815301076,1909f56bfc062723c751e8b465ee728b)
Start importing Packages/com.unity.textmeshpro/Editor Resources/Textures/btn_AlignBaseLine.psd using Guid(8bc445bb79654bf496c92d0407840a92) Importer(815301076,1909f56bfc062723c751e8b465ee728b)  -> (artifact id: 'e93adeb7b964fcf28f38cef60e71c2f5') in 0.010925 seconds 
========================================================================
Received Import Request.
  Time since last request: 0.000025 seconds.
  path: Assets/SceneGame/RealisticCarControllerV3/Models/M3_E46/Tex/Brakelights_Illumination.png
  artifactKey: Guid(77226d9c88c4e5e4fbf7fffe780b1864) Importer(815301076,1909f56bfc062723c751e8b465ee728b)
Start importing Assets/SceneGame/RealisticCarControllerV3/Models/M3_E46/Tex/Brakelights_Illumination.png using Guid(77226d9c88c4e5e4fbf7fffe780b1864) Importer(815301076,1909f56bfc062723c751e8b465ee728b)  -> (artifact id: 'f6cd4da22fb4807ebabb59dc825841b5') in 0.012281 seconds 
========================================================================
Received Import Request.
  Time since last request: 0.000028 seconds.
  path: Packages/com.unity.textmeshpro/Editor Resources/Textures/btn_AlignMidline_Light.psd
  artifactKey: Guid(bb42b2d967d6427983c901a4ffc8ecd9) Importer(815301076,1909f56bfc062723c751e8b465ee728b)
Start importing Packages/com.unity.textmeshpro/Editor Resources/Textures/btn_AlignMidline_Light.psd using Guid(bb42b2d967d6427983c901a4ffc8ecd9) Importer(815301076,1909f56bfc062723c751e8b465ee728b)  -> (artifact id: '09f1bd687f9b7e102b8945f2c5e15dca') in 0.011997 seconds 
========================================================================
Received Import Request.
  Time since last request: 0.000032 seconds.
  path: Assets/SceneGame/RealisticCarControllerV3/Models/Environment/Textures/Broadleaf_Mobile_Atlas_Billboards_Normal.tga
  artifactKey: Guid(ab4554855231fa3488c6d91e189e8530) Importer(815301076,1909f56bfc062723c751e8b465ee728b)
Start importing Assets/SceneGame/RealisticCarControllerV3/Models/Environment/Textures/Broadleaf_Mobile_Atlas_Billboards_Normal.tga using Guid(ab4554855231fa3488c6d91e189e8530) Importer(815301076,1909f56bfc062723c751e8b465ee728b)  -> (artifact id: '9cf405ef3c49b0adb2b24bf02a5b730a') in 0.012924 seconds 
========================================================================
Received Import Request.
  Time since last request: 0.000029 seconds.
  path: Packages/com.unity.textmeshpro/Editor Resources/Textures/btn_AlignBaseLine_Light.psd
  artifactKey: Guid(18775b51e3bd42299fd30bd036ea982f) Importer(815301076,1909f56bfc062723c751e8b465ee728b)
Start importing Packages/com.unity.textmeshpro/Editor Resources/Textures/btn_AlignBaseLine_Light.psd using Guid(18775b51e3bd42299fd30bd036ea982f) Importer(815301076,1909f56bfc062723c751e8b465ee728b)  -> (artifact id: '108e654fe3eb25283b2862b8127077a5') in 0.025732 seconds 
========================================================================
Received Import Request.
  Time since last request: 0.000023 seconds.
  path: Assets/SceneGame/RealisticCarControllerV3/Textures/Mobile Textures/ArrowRight.png
  artifactKey: Guid(ba0276874edad7d4093bb5361d3daecc) Importer(815301076,1909f56bfc062723c751e8b465ee728b)
Start importing Assets/SceneGame/RealisticCarControllerV3/Textures/Mobile Textures/ArrowRight.png using Guid(ba0276874edad7d4093bb5361d3daecc) Importer(815301076,1909f56bfc062723c751e8b465ee728b)  -> (artifact id: '1b67a23b7c2ac22b9ddb03da011c7e63') in 0.013851 seconds 
========================================================================
Received Import Request.
  Time since last request: 0.000020 seconds.
  path: Assets/SceneGame/RealisticCarControllerV3/Textures/City Textures/Asphalt_AO.tif
  artifactKey: Guid(3cef3fe6c4a4b70468d32124a91a327a) Importer(815301076,1909f56bfc062723c751e8b465ee728b)
Start importing Assets/SceneGame/RealisticCarControllerV3/Textures/City Textures/Asphalt_AO.tif using Guid(3cef3fe6c4a4b70468d32124a91a327a) Importer(815301076,1909f56bfc062723c751e8b465ee728b)  -> (artifact id: 'f5bc5dacd5e74e2a6538e29a2b0d6193') in 0.012713 seconds 
========================================================================
Received Import Request.
  Time since last request: 0.000026 seconds.
  path: Packages/com.unity.textmeshpro/Editor Resources/Textures/btn_AlignRight_Light.psd
  artifactKey: Guid(e05ace3bd15740cda0bad60d89092a5b) Importer(815301076,1909f56bfc062723c751e8b465ee728b)
Start importing Packages/com.unity.textmeshpro/Editor Resources/Textures/btn_AlignRight_Light.psd using Guid(e05ace3bd15740cda0bad60d89092a5b) Importer(815301076,1909f56bfc062723c751e8b465ee728b)  -> (artifact id: '87d8bc8376dadf32dd8bb8b2392fae23') in 0.011116 seconds 
========================================================================
Received Import Request.
  Time since last request: 0.000020 seconds.
  path: Assets/SceneGame/RealisticCarControllerV3/Resources/Editor/BrakelightIcon.png
  artifactKey: Guid(d1d1279ae2d8738478e791959bff2399) Importer(815301076,1909f56bfc062723c751e8b465ee728b)
Start importing Assets/SceneGame/RealisticCarControllerV3/Resources/Editor/BrakelightIcon.png using Guid(d1d1279ae2d8738478e791959bff2399) Importer(815301076,1909f56bfc062723c751e8b465ee728b)  -> (artifact id: '9d9b697363bf1a7341dd077bd2748168') in 0.018494 seconds 
========================================================================
Received Import Request.
  Time since last request: 0.000024 seconds.
  path: Assets/SceneGame/RealisticCarControllerV3/Models/Environment/Textures/Broadleaf_Mobile_Atlas_Normal.tga
  artifactKey: Guid(abf11189f117a1847b1beee63a0787a0) Importer(815301076,1909f56bfc062723c751e8b465ee728b)
Start importing Assets/SceneGame/RealisticCarControllerV3/Models/Environment/Textures/Broadleaf_Mobile_Atlas_Normal.tga using Guid(abf11189f117a1847b1beee63a0787a0) Importer(815301076,1909f56bfc062723c751e8b465ee728b)  -> (artifact id: '04094083a4777bed8c6aac3ae80bfe67') in 0.014720 seconds 
========================================================================
Received Import Request.
  Time since last request: 0.000020 seconds.
  path: Packages/com.unity.textmeshpro/Editor Resources/Textures/btn_AlignJustified.psd
  artifactKey: Guid(92027f7f8cfc4feaa477da0dc38d3d46) Importer(815301076,1909f56bfc062723c751e8b465ee728b)
Start importing Packages/com.unity.textmeshpro/Editor Resources/Textures/btn_AlignJustified.psd using Guid(92027f7f8cfc4feaa477da0dc38d3d46) Importer(815301076,1909f56bfc062723c751e8b465ee728b)  -> (artifact id: 'f95970dafaab097916bcba6dcdaa802b') in 0.020472 seconds 
========================================================================
Received Import Request.
  Time since last request: 0.000023 seconds.
  path: Packages/com.unity.collab-proxy/Editor/Collaborate/Assets/Icons/back-light@2x.png
  artifactKey: Guid(f5c57327df0fa294c8209aa216435167) Importer(815301076,1909f56bfc062723c751e8b465ee728b)
Start importing Packages/com.unity.collab-proxy/Editor/Collaborate/Assets/Icons/back-light@2x.png using Guid(f5c57327df0fa294c8209aa216435167) Importer(815301076,1909f56bfc062723c751e8b465ee728b)  -> (artifact id: 'b344104c7ca725498f3df7120cd94030') in 0.012970 seconds 
========================================================================
Received Import Request.
  Time since last request: 0.000025 seconds.
  path: Assets/Others/SkyBox/AllSkyFree/Space_AnotherPlanet/AllSky_Space_AnotherPlanet_Cam_4_Up+Y.png
  artifactKey: Guid(a6e9f4ff100a94264a812ad74e17416c) Importer(815301076,1909f56bfc062723c751e8b465ee728b)
Start importing Assets/Others/SkyBox/AllSkyFree/Space_AnotherPlanet/AllSky_Space_AnotherPlanet_Cam_4_Up+Y.png using Guid(a6e9f4ff100a94264a812ad74e17416c) Importer(815301076,1909f56bfc062723c751e8b465ee728b)  -> (artifact id: '7ba5776a2e5cb00e1f7dec69c319d432') in 0.061909 seconds 
========================================================================
Received Import Request.
  Time since last request: 0.000026 seconds.
  path: Assets/SceneGame/Sprites/Arrows.png
  artifactKey: Guid(76a27b3916099274e92548ebc04cca14) Importer(815301076,1909f56bfc062723c751e8b465ee728b)
Start importing Assets/SceneGame/Sprites/Arrows.png using Guid(76a27b3916099274e92548ebc04cca14) Importer(815301076,1909f56bfc062723c751e8b465ee728b)  -> (artifact id: '131330f7feb318c918da5ac8f0fc25ed') in 0.047023 seconds 
========================================================================
Received Import Request.
  Time since last request: 0.000036 seconds.
  path: Assets/SceneGame/RealisticCarControllerV3/Models/Environment/Textures/BroadleafBark.tga
  artifactKey: Guid(a7424dce4f7a2584db1bccf053660a86) Importer(815301076,1909f56bfc062723c751e8b465ee728b)
Start importing Assets/SceneGame/RealisticCarControllerV3/Models/Environment/Textures/BroadleafBark.tga using Guid(a7424dce4f7a2584db1bccf053660a86) Importer(815301076,1909f56bfc062723c751e8b465ee728b)  -> (artifact id: 'fb83fa74d802d24669763fbb92079287') in 0.011272 seconds 
========================================================================
Received Import Request.
  Time since last request: 0.000022 seconds.
  path: Packages/com.unity.textmeshpro/Editor Resources/Textures/btn_AlignCenterGeo.psd
  artifactKey: Guid(c76700ea0062413d9f69409b4e9e151b) Importer(815301076,1909f56bfc062723c751e8b465ee728b)
Start importing Packages/com.unity.textmeshpro/Editor Resources/Textures/btn_AlignCenterGeo.psd using Guid(c76700ea0062413d9f69409b4e9e151b) Importer(815301076,1909f56bfc062723c751e8b465ee728b)  -> (artifact id: '050bb9e311208a1a772968f89aaff990') in 0.011830 seconds 
========================================================================
Received Import Request.
  Time since last request: 0.000021 seconds.
  path: Packages/com.unity.textmeshpro/Editor Resources/Textures/btn_AlignBottom.psd
  artifactKey: Guid(ca51b19024094d1b87f3e07edb0a75fb) Importer(815301076,1909f56bfc062723c751e8b465ee728b)
Start importing Packages/com.unity.textmeshpro/Editor Resources/Textures/btn_AlignBottom.psd using Guid(ca51b19024094d1b87f3e07edb0a75fb) Importer(815301076,1909f56bfc062723c751e8b465ee728b)  -> (artifact id: '66892fb16207457d3dd225bc3482a26d') in 0.011476 seconds 
========================================================================
Received Import Request.
  Time since last request: 0.000020 seconds.
  path: Packages/com.unity.textmeshpro/Editor Resources/Textures/btn_AlignMidLine.psd
  artifactKey: Guid(c2f7f6a88b4c4f20a53deb72f3d9144c) Importer(815301076,1909f56bfc062723c751e8b465ee728b)
Start importing Packages/com.unity.textmeshpro/Editor Resources/Textures/btn_AlignMidLine.psd using Guid(c2f7f6a88b4c4f20a53deb72f3d9144c) Importer(815301076,1909f56bfc062723c751e8b465ee728b)  -> (artifact id: '92255a20fe6bfcd290b717e02a4139e3') in 0.011330 seconds 
========================================================================
Received Import Request.
  Time since last request: 0.000024 seconds.
  path: Packages/com.unity.collab-proxy/Editor/Collaborate/Assets/Icons/back-dark.png
  artifactKey: Guid(8e3ec2dfd58b79842aa78376678a9a05) Importer(815301076,1909f56bfc062723c751e8b465ee728b)
Start importing Packages/com.unity.collab-proxy/Editor/Collaborate/Assets/Icons/back-dark.png using Guid(8e3ec2dfd58b79842aa78376678a9a05) Importer(815301076,1909f56bfc062723c751e8b465ee728b)  -> (artifact id: '96a7fa203963f979223eeb8a75408aaf') in 0.011585 seconds 
========================================================================
Received Import Request.
  Time since last request: 0.000022 seconds.
  path: Packages/com.unity.textmeshpro/Editor Resources/Textures/btn_AlignCenter.psd
  artifactKey: Guid(81ed8c76d2bc4a4c95d092c98af4e58f) Importer(815301076,1909f56bfc062723c751e8b465ee728b)
Start importing Packages/com.unity.textmeshpro/Editor Resources/Textures/btn_AlignCenter.psd using Guid(81ed8c76d2bc4a4c95d092c98af4e58f) Importer(815301076,1909f56bfc062723c751e8b465ee728b)  -> (artifact id: '2e4687440b5539e9823ba25d4ce357fd') in 0.010439 seconds 
========================================================================
Received Import Request.
  Time since last request: 0.000025 seconds.
  path: Packages/com.unity.textmeshpro/Editor Resources/Textures/btn_AlignCenterGeo_Light.psd
  artifactKey: Guid(35ff0937876540d3bd4b6a941df62a92) Importer(815301076,1909f56bfc062723c751e8b465ee728b)
Start importing Packages/com.unity.textmeshpro/Editor Resources/Textures/btn_AlignCenterGeo_Light.psd using Guid(35ff0937876540d3bd4b6a941df62a92) Importer(815301076,1909f56bfc062723c751e8b465ee728b)  -> (artifact id: 'a211bd73c5e1cf9085e7de0bce507e6a') in 0.011211 seconds 
========================================================================
Received Import Request.
  Time since last request: 0.000022 seconds.
  path: Packages/com.unity.textmeshpro/Editor Resources/Textures/btn_AlignLeft_Light.psd
  artifactKey: Guid(12736c98af174f91827a26b66d2b01b9) Importer(815301076,1909f56bfc062723c751e8b465ee728b)
Start importing Packages/com.unity.textmeshpro/Editor Resources/Textures/btn_AlignLeft_Light.psd using Guid(12736c98af174f91827a26b66d2b01b9) Importer(815301076,1909f56bfc062723c751e8b465ee728b)  -> (artifact id: '8acfc2702328a10958f1aa6a7ef2a131') in 0.011173 seconds 
========================================================================
Received Import Request.
  Time since last request: 0.000023 seconds.
  path: Packages/com.unity.collab-proxy/Editor/Collaborate/Assets/Icons/back-dark@2x.png
  artifactKey: Guid(9c6313a5316f8a34b852bf94ff96e3ab) Importer(815301076,1909f56bfc062723c751e8b465ee728b)
Start importing Packages/com.unity.collab-proxy/Editor/Collaborate/Assets/Icons/back-dark@2x.png using Guid(9c6313a5316f8a34b852bf94ff96e3ab) Importer(815301076,1909f56bfc062723c751e8b465ee728b)  -> (artifact id: '85a51eceef0bba3ffb43fb4efb48eebc') in 0.011722 seconds 
========================================================================
Received Import Request.
  Time since last request: 0.000022 seconds.
  path: Assets/SceneGame/RealisticCarControllerV3/Textures/Dashboard/Boost.png
  artifactKey: Guid(884b50532e2c6f64d9b2a8c11dc7494d) Importer(815301076,1909f56bfc062723c751e8b465ee728b)
Start importing Assets/SceneGame/RealisticCarControllerV3/Textures/Dashboard/Boost.png using Guid(884b50532e2c6f64d9b2a8c11dc7494d) Importer(815301076,1909f56bfc062723c751e8b465ee728b)  -> (artifact id: '54ed8b9e7a2ba569c3dae8710060c274') in 0.019363 seconds 
========================================================================
Received Import Request.
  Time since last request: 0.000020 seconds.
  path: Assets/SceneGame/RealisticCarControllerV3/Textures/Dashboard/Background.tif
  artifactKey: Guid(35c085708d9dd4c4b95307c95edb1c1b) Importer(815301076,1909f56bfc062723c751e8b465ee728b)
Start importing Assets/SceneGame/RealisticCarControllerV3/Textures/Dashboard/Background.tif using Guid(35c085708d9dd4c4b95307c95edb1c1b) Importer(815301076,1909f56bfc062723c751e8b465ee728b)  -> (artifact id: '83378ad5a68587e30248ea44f9553067') in 0.026538 seconds 
========================================================================
Received Import Request.
  Time since last request: 0.000027 seconds.
  path: Packages/com.unity.textmeshpro/Editor Resources/Textures/btn_AlignCapLine_Light.psd
  artifactKey: Guid(49679f302ac6408697f6b9314a38985c) Importer(815301076,1909f56bfc062723c751e8b465ee728b)
Start importing Packages/com.unity.textmeshpro/Editor Resources/Textures/btn_AlignCapLine_Light.psd using Guid(49679f302ac6408697f6b9314a38985c) Importer(815301076,1909f56bfc062723c751e8b465ee728b)  -> (artifact id: 'a7b1f1022cb8fdc60de405efab5bdb10') in 0.010831 seconds 
========================================================================
Received Import Request.
  Time since last request: 0.000034 seconds.
  path: Packages/com.unity.textmeshpro/Editor Resources/Textures/btn_AlignMiddle.psd
  artifactKey: Guid(41b96614b2e6494ba995ddcd252d11ae) Importer(815301076,1909f56bfc062723c751e8b465ee728b)
Start importing Packages/com.unity.textmeshpro/Editor Resources/Textures/btn_AlignMiddle.psd using Guid(41b96614b2e6494ba995ddcd252d11ae) Importer(815301076,1909f56bfc062723c751e8b465ee728b)  -> (artifact id: '526cce79e2ce55237b503fcf060ab049') in 0.012306 seconds 
========================================================================
Received Import Request.
  Time since last request: 0.000021 seconds.
  path: Assets/SceneGame/RealisticCarControllerV3/Models/M3_E46/Tex/Brakelights.png
  artifactKey: Guid(6d0792858b745d94e8211b58360363e6) Importer(815301076,1909f56bfc062723c751e8b465ee728b)
Start importing Assets/SceneGame/RealisticCarControllerV3/Models/M3_E46/Tex/Brakelights.png using Guid(6d0792858b745d94e8211b58360363e6) Importer(815301076,1909f56bfc062723c751e8b465ee728b)  -> (artifact id: 'c20c261102d2890948459e497da9fdcb') in 0.012731 seconds 
========================================================================
Received Import Request.
  Time since last request: 0.000022 seconds.
  path: Assets/Others/SkyBox/AllSkyFree/Space_AnotherPlanet/AllSky_Space_AnotherPlanet_Cam_2_Left+X.png
  artifactKey: Guid(40cd83628508d406497f3b21ff220644) Importer(815301076,1909f56bfc062723c751e8b465ee728b)
Start importing Assets/Others/SkyBox/AllSkyFree/Space_AnotherPlanet/AllSky_Space_AnotherPlanet_Cam_2_Left+X.png using Guid(40cd83628508d406497f3b21ff220644) Importer(815301076,1909f56bfc062723c751e8b465ee728b)  -> (artifact id: '86f8848928256f1a0628bb3d5e8fbb8d') in 0.013039 seconds 
========================================================================
Received Prepare
Registering precompiled user dll's ...
Registered in 0.005029 seconds.
Begin MonoManager ReloadAssembly
Symbol file LoadedFromMemory doesn't match image F:\gonkiitochka\gonkiitochka\gonkiitochka\Гонки и точка\Гонки и точка\Library\PackageCache\com.unity.visualscripting@1.7.8\Editor\VisualScripting.Core\Dependencies\YamlDotNet\Unity.VisualScripting.YamlDotNet.dll
Symbol file LoadedFromMemory doesn't match image F:\gonkiitochka\gonkiitochka\gonkiitochka\Гонки и точка\Гонки и точка\Library\PackageCache\com.unity.visualscripting@1.7.8\Editor\VisualScripting.Core\Dependencies\DotNetZip\Unity.VisualScripting.IonicZip.dll
Native extension for WindowsStandalone target not found
Refreshing native plugins compatible for Editor in 0.89 ms, found 3 plugins.
Preloading 0 native plugins for Editor in 0.00 ms.
Mono: successfully reloaded assembly
- Completed reload, in  1.126 seconds
Domain Reload Profiling:
	ReloadAssembly (1127ms)
		BeginReloadAssembly (142ms)
			ExecutionOrderSort (0ms)
			DisableScriptedObjects (7ms)
			BackupInstance (0ms)
			ReleaseScriptingObjects (0ms)
			CreateAndSetChildDomain (51ms)
		EndReloadAssembly (894ms)
			LoadAssemblies (84ms)
			RebuildTransferFunctionScriptingTraits (0ms)
			SetupTypeCache (270ms)
			ReleaseScriptCaches (2ms)
			RebuildScriptCaches (53ms)
			SetupLoadedEditorAssemblies (412ms)
				LogAssemblyErrors (0ms)
				InitializePlatformSupportModulesInManaged (11ms)
				SetLoadedEditorAssemblies (0ms)
				RefreshPlugins (1ms)
				BeforeProcessingInitializeOnLoad (77ms)
				ProcessInitializeOnLoadAttributes (242ms)
				ProcessInitializeOnLoadMethodAttributes (77ms)
				AfterProcessingInitializeOnLoad (3ms)
				EditorAssembliesLoaded (0ms)
			ExecutionOrderSort2 (0ms)
			AwakeInstancesAfterBackupRestoration (12ms)
Platform modules already initialized, skipping
Refreshing native plugins compatible for Editor in 2.51 ms, found 3 plugins.
Preloading 0 native plugins for Editor in 0.00 ms.
Unloading 5212 Unused Serialized files (Serialized files now loaded: 0)
Unloading 38 unused Assets / (1.2 MB). Loaded Objects now: 5968.
Memory consumption went from 214.2 MB to 213.1 MB.
Total: 3.851200 ms (FindLiveObjects: 0.408000 ms CreateObjectMapping: 0.354200 ms MarkObjects: 2.530200 ms  DeleteObjects: 0.557900 ms)

AssetImportParameters requested are different than current active one (requested -> active):
  custom:video-decoder-ogg-theora: a1e56fd34408186e4bbccfd4996cb3dc -> 
  custom:container-muxer-webm: aa71ff27fc2769a1b78a27578f13a17b -> 
  custom:container-demuxer-webm: 4f35f7cbe854078d1ac9338744f61a02 -> 
  custom:video-encoder-webm-vp8: eb34c28f22e8b96e1ab97ce403110664 -> 
  custom:audio-encoder-webm-vorbis: bf7c407c2cedff20999df2af8eb42d56 -> 
  custom:framework-win-MediaFoundation: 216162199b28c13a410421893ffa2e32 -> 
  custom:container-demuxer-ogg: 62fdf1f143b41e24485cea50d1cbac27 -> 
  custom:video-decoder-webm-vp8: 9c59270c3fd7afecdb556c50c9e8de78 -> 
  custom:audio-decoder-ogg-vorbis: bf7c407c2cedff20999df2af8eb42d56 -> 
========================================================================
Received Prepare
Registering precompiled user dll's ...
Registered in 0.005389 seconds.
Begin MonoManager ReloadAssembly
Symbol file LoadedFromMemory doesn't match image F:\gonkiitochka\gonkiitochka\gonkiitochka\Гонки и точка\Гонки и точка\Library\PackageCache\com.unity.visualscripting@1.7.8\Editor\VisualScripting.Core\Dependencies\YamlDotNet\Unity.VisualScripting.YamlDotNet.dll
Symbol file LoadedFromMemory doesn't match image F:\gonkiitochka\gonkiitochka\gonkiitochka\Гонки и точка\Гонки и точка\Library\PackageCache\com.unity.visualscripting@1.7.8\Editor\VisualScripting.Core\Dependencies\DotNetZip\Unity.VisualScripting.IonicZip.dll
Native extension for WindowsStandalone target not found
Refreshing native plugins compatible for Editor in 0.92 ms, found 3 plugins.
Preloading 0 native plugins for Editor in 0.00 ms.
Mono: successfully reloaded assembly
- Completed reload, in  1.109 seconds
Domain Reload Profiling:
	ReloadAssembly (1110ms)
		BeginReloadAssembly (141ms)
			ExecutionOrderSort (0ms)
			DisableScriptedObjects (5ms)
			BackupInstance (0ms)
			ReleaseScriptingObjects (0ms)
			CreateAndSetChildDomain (42ms)
		EndReloadAssembly (879ms)
			LoadAssemblies (94ms)
			RebuildTransferFunctionScriptingTraits (0ms)
			SetupTypeCache (272ms)
			ReleaseScriptCaches (2ms)
			RebuildScriptCaches (47ms)
			SetupLoadedEditorAssemblies (410ms)
				LogAssemblyErrors (0ms)
				InitializePlatformSupportModulesInManaged (12ms)
				SetLoadedEditorAssemblies (0ms)
				RefreshPlugins (1ms)
				BeforeProcessingInitializeOnLoad (77ms)
				ProcessInitializeOnLoadAttributes (240ms)
				ProcessInitializeOnLoadMethodAttributes (76ms)
				AfterProcessingInitializeOnLoad (3ms)
				EditorAssembliesLoaded (0ms)
			ExecutionOrderSort2 (0ms)
			AwakeInstancesAfterBackupRestoration (12ms)
Platform modules already initialized, skipping
Refreshing native plugins compatible for Editor in 2.28 ms, found 3 plugins.
Preloading 0 native plugins for Editor in 0.00 ms.
Unloading 5213 Unused Serialized files (Serialized files now loaded: 0)
Unloading 38 unused Assets / (1.2 MB). Loaded Objects now: 5983.
Memory consumption went from 214.3 MB to 213.1 MB.
Total: 3.799400 ms (FindLiveObjects: 0.386200 ms CreateObjectMapping: 0.316100 ms MarkObjects: 2.598000 ms  DeleteObjects: 0.497900 ms)

AssetImportParameters requested are different than current active one (requested -> active):
  custom:video-decoder-ogg-theora: a1e56fd34408186e4bbccfd4996cb3dc -> 
  custom:container-muxer-webm: aa71ff27fc2769a1b78a27578f13a17b -> 
  custom:container-demuxer-webm: 4f35f7cbe854078d1ac9338744f61a02 -> 
  custom:video-encoder-webm-vp8: eb34c28f22e8b96e1ab97ce403110664 -> 
  custom:audio-encoder-webm-vorbis: bf7c407c2cedff20999df2af8eb42d56 -> 
  custom:framework-win-MediaFoundation: 216162199b28c13a410421893ffa2e32 -> 
  custom:container-demuxer-ogg: 62fdf1f143b41e24485cea50d1cbac27 -> 
  custom:video-decoder-webm-vp8: 9c59270c3fd7afecdb556c50c9e8de78 -> 
  custom:audio-decoder-ogg-vorbis: bf7c407c2cedff20999df2af8eb42d56 -> 
========================================================================
Received Prepare
Registering precompiled user dll's ...
Registered in 0.008149 seconds.
Begin MonoManager ReloadAssembly
Symbol file LoadedFromMemory doesn't match image F:\gonkiitochka\gonkiitochka\gonkiitochka\Гонки и точка\Гонки и точка\Library\PackageCache\com.unity.visualscripting@1.7.8\Editor\VisualScripting.Core\Dependencies\YamlDotNet\Unity.VisualScripting.YamlDotNet.dll
Symbol file LoadedFromMemory doesn't match image F:\gonkiitochka\gonkiitochka\gonkiitochka\Гонки и точка\Гонки и точка\Library\PackageCache\com.unity.visualscripting@1.7.8\Editor\VisualScripting.Core\Dependencies\DotNetZip\Unity.VisualScripting.IonicZip.dll
Native extension for WindowsStandalone target not found
Refreshing native plugins compatible for Editor in 0.89 ms, found 3 plugins.
Preloading 0 native plugins for Editor in 0.00 ms.
[ScriptCompilation] NOT recompiling all scripts because this is an import worker process. Reason to compile was: Define symbols changed
Mono: successfully reloaded assembly
- Completed reload, in  1.550 seconds
Domain Reload Profiling:
	ReloadAssembly (1552ms)
		BeginReloadAssembly (121ms)
			ExecutionOrderSort (0ms)
			DisableScriptedObjects (5ms)
			BackupInstance (0ms)
			ReleaseScriptingObjects (0ms)
			CreateAndSetChildDomain (36ms)
		EndReloadAssembly (1338ms)
			LoadAssemblies (85ms)
			RebuildTransferFunctionScriptingTraits (0ms)
			SetupTypeCache (283ms)
			ReleaseScriptCaches (2ms)
			RebuildScriptCaches (48ms)
			SetupLoadedEditorAssemblies (803ms)
				LogAssemblyErrors (0ms)
				InitializePlatformSupportModulesInManaged (11ms)
				SetLoadedEditorAssemblies (0ms)
				RefreshPlugins (1ms)
				BeforeProcessingInitializeOnLoad (85ms)
				ProcessInitializeOnLoadAttributes (477ms)
				ProcessInitializeOnLoadMethodAttributes (220ms)
				AfterProcessingInitializeOnLoad (8ms)
				EditorAssembliesLoaded (0ms)
			ExecutionOrderSort2 (0ms)
			AwakeInstancesAfterBackupRestoration (35ms)
Platform modules already initialized, skipping
Refreshing native plugins compatible for Editor in 1.95 ms, found 3 plugins.
Preloading 0 native plugins for Editor in 0.00 ms.
Unloading 5346 Unused Serialized files (Serialized files now loaded: 0)
Unloading 77 unused Assets / (4.5 MB). Loaded Objects now: 6092.
Memory consumption went from 224.8 MB to 220.3 MB.
Total: 4.797200 ms (FindLiveObjects: 0.404600 ms CreateObjectMapping: 0.323200 ms MarkObjects: 2.891800 ms  DeleteObjects: 1.176900 ms)

AssetImportParameters requested are different than current active one (requested -> active):
  custom:video-decoder-ogg-theora: a1e56fd34408186e4bbccfd4996cb3dc -> 
  custom:container-muxer-webm: aa71ff27fc2769a1b78a27578f13a17b -> 
  custom:container-demuxer-webm: 4f35f7cbe854078d1ac9338744f61a02 -> 
  custom:video-encoder-webm-vp8: eb34c28f22e8b96e1ab97ce403110664 -> 
  custom:audio-encoder-webm-vorbis: bf7c407c2cedff20999df2af8eb42d56 -> 
  custom:framework-win-MediaFoundation: 216162199b28c13a410421893ffa2e32 -> 
  custom:container-demuxer-ogg: 62fdf1f143b41e24485cea50d1cbac27 -> 
  custom:video-decoder-webm-vp8: 9c59270c3fd7afecdb556c50c9e8de78 -> 
  custom:audio-decoder-ogg-vorbis: bf7c407c2cedff20999df2af8eb42d56 -> 
========================================================================
Received Prepare
Registering precompiled user dll's ...
Registered in 0.005638 seconds.
Begin MonoManager ReloadAssembly
Symbol file LoadedFromMemory doesn't match image F:\gonkiitochka\gonkiitochka\gonkiitochka\Гонки и точка\Гонки и точка\Library\PackageCache\com.unity.visualscripting@1.7.8\Editor\VisualScripting.Core\Dependencies\YamlDotNet\Unity.VisualScripting.YamlDotNet.dll
Symbol file LoadedFromMemory doesn't match image F:\gonkiitochka\gonkiitochka\gonkiitochka\Гонки и точка\Гонки и точка\Library\PackageCache\com.unity.visualscripting@1.7.8\Editor\VisualScripting.Core\Dependencies\DotNetZip\Unity.VisualScripting.IonicZip.dll
Native extension for WindowsStandalone target not found
Refreshing native plugins compatible for Editor in 0.90 ms, found 3 plugins.
Preloading 0 native plugins for Editor in 0.00 ms.
[ScriptCompilation] NOT recompiling all scripts because this is an import worker process. Reason to compile was: Define symbols changed
Mono: successfully reloaded assembly
- Completed reload, in  1.105 seconds
Domain Reload Profiling:
	ReloadAssembly (1106ms)
		BeginReloadAssembly (116ms)
			ExecutionOrderSort (0ms)
			DisableScriptedObjects (5ms)
			BackupInstance (0ms)
			ReleaseScriptingObjects (0ms)
			CreateAndSetChildDomain (35ms)
		EndReloadAssembly (901ms)
			LoadAssemblies (83ms)
			RebuildTransferFunctionScriptingTraits (0ms)
			SetupTypeCache (261ms)
			ReleaseScriptCaches (2ms)
			RebuildScriptCaches (47ms)
			SetupLoadedEditorAssemblies (442ms)
				LogAssemblyErrors (0ms)
				InitializePlatformSupportModulesInManaged (11ms)
				SetLoadedEditorAssemblies (0ms)
				RefreshPlugins (1ms)
				BeforeProcessingInitializeOnLoad (78ms)
				ProcessInitializeOnLoadAttributes (273ms)
				ProcessInitializeOnLoadMethodAttributes (75ms)
				AfterProcessingInitializeOnLoad (3ms)
				EditorAssembliesLoaded (0ms)
			ExecutionOrderSort2 (0ms)
			AwakeInstancesAfterBackupRestoration (12ms)
Platform modules already initialized, skipping
Refreshing native plugins compatible for Editor in 1.94 ms, found 3 plugins.
Preloading 0 native plugins for Editor in 0.00 ms.
Unloading 5346 Unused Serialized files (Serialized files now loaded: 0)
Unloading 77 unused Assets / (4.5 MB). Loaded Objects now: 6107.
Memory consumption went from 224.8 MB to 220.4 MB.
Total: 4.989300 ms (FindLiveObjects: 0.411500 ms CreateObjectMapping: 0.360500 ms MarkObjects: 2.960600 ms  DeleteObjects: 1.255700 ms)

AssetImportParameters requested are different than current active one (requested -> active):
  custom:video-decoder-ogg-theora: a1e56fd34408186e4bbccfd4996cb3dc -> 
  custom:container-muxer-webm: aa71ff27fc2769a1b78a27578f13a17b -> 
  custom:container-demuxer-webm: 4f35f7cbe854078d1ac9338744f61a02 -> 
  custom:video-encoder-webm-vp8: eb34c28f22e8b96e1ab97ce403110664 -> 
  custom:audio-encoder-webm-vorbis: bf7c407c2cedff20999df2af8eb42d56 -> 
  custom:framework-win-MediaFoundation: 216162199b28c13a410421893ffa2e32 -> 
  custom:container-demuxer-ogg: 62fdf1f143b41e24485cea50d1cbac27 -> 
  custom:video-decoder-webm-vp8: 9c59270c3fd7afecdb556c50c9e8de78 -> 
  custom:audio-decoder-ogg-vorbis: bf7c407c2cedff20999df2af8eb42d56 -> 
========================================================================
Received Prepare
Registering precompiled user dll's ...
Registered in 0.005538 seconds.
Begin MonoManager ReloadAssembly
Symbol file LoadedFromMemory doesn't match image F:\gonkiitochka\gonkiitochka\gonkiitochka\Гонки и точка\Гонки и точка\Library\PackageCache\com.unity.visualscripting@1.7.8\Editor\VisualScripting.Core\Dependencies\YamlDotNet\Unity.VisualScripting.YamlDotNet.dll
Symbol file LoadedFromMemory doesn't match image F:\gonkiitochka\gonkiitochka\gonkiitochka\Гонки и точка\Гонки и точка\Library\PackageCache\com.unity.visualscripting@1.7.8\Editor\VisualScripting.Core\Dependencies\DotNetZip\Unity.VisualScripting.IonicZip.dll
Native extension for WindowsStandalone target not found
Refreshing native plugins compatible for Editor in 1.57 ms, found 3 plugins.
Preloading 0 native plugins for Editor in 0.00 ms.
[ScriptCompilation] NOT recompiling all scripts because this is an import worker process. Reason to compile was: Define symbols changed
Mono: successfully reloaded assembly
- Completed reload, in  1.185 seconds
Domain Reload Profiling:
	ReloadAssembly (1185ms)
		BeginReloadAssembly (139ms)
			ExecutionOrderSort (0ms)
			DisableScriptedObjects (5ms)
			BackupInstance (0ms)
			ReleaseScriptingObjects (0ms)
			CreateAndSetChildDomain (45ms)
		EndReloadAssembly (953ms)
			LoadAssemblies (91ms)
			RebuildTransferFunctionScriptingTraits (0ms)
			SetupTypeCache (266ms)
			ReleaseScriptCaches (2ms)
			RebuildScriptCaches (47ms)
			SetupLoadedEditorAssemblies (483ms)
				LogAssemblyErrors (0ms)
				InitializePlatformSupportModulesInManaged (11ms)
				SetLoadedEditorAssemblies (1ms)
				RefreshPlugins (2ms)
				BeforeProcessingInitializeOnLoad (95ms)
				ProcessInitializeOnLoadAttributes (291ms)
				ProcessInitializeOnLoadMethodAttributes (80ms)
				AfterProcessingInitializeOnLoad (3ms)
				EditorAssembliesLoaded (0ms)
			ExecutionOrderSort2 (0ms)
			AwakeInstancesAfterBackupRestoration (12ms)
Platform modules already initialized, skipping
Refreshing native plugins compatible for Editor in 2.08 ms, found 3 plugins.
Preloading 0 native plugins for Editor in 0.00 ms.
Unloading 5346 Unused Serialized files (Serialized files now loaded: 0)
Unloading 77 unused Assets / (4.5 MB). Loaded Objects now: 6122.
Memory consumption went from 224.9 MB to 220.4 MB.
Total: 5.619100 ms (FindLiveObjects: 0.424000 ms CreateObjectMapping: 0.345000 ms MarkObjects: 3.462900 ms  DeleteObjects: 1.386200 ms)

AssetImportParameters requested are different than current active one (requested -> active):
  custom:video-decoder-ogg-theora: a1e56fd34408186e4bbccfd4996cb3dc -> 
  custom:container-muxer-webm: aa71ff27fc2769a1b78a27578f13a17b -> 
  custom:container-demuxer-webm: 4f35f7cbe854078d1ac9338744f61a02 -> 
  custom:video-encoder-webm-vp8: eb34c28f22e8b96e1ab97ce403110664 -> 
  custom:audio-encoder-webm-vorbis: bf7c407c2cedff20999df2af8eb42d56 -> 
  custom:framework-win-MediaFoundation: 216162199b28c13a410421893ffa2e32 -> 
  custom:container-demuxer-ogg: 62fdf1f143b41e24485cea50d1cbac27 -> 
  custom:video-decoder-webm-vp8: 9c59270c3fd7afecdb556c50c9e8de78 -> 
  custom:audio-decoder-ogg-vorbis: bf7c407c2cedff20999df2af8eb42d56 -> 
========================================================================
Received Prepare
Registering precompiled user dll's ...
Registered in 0.005309 seconds.
Begin MonoManager ReloadAssembly
Symbol file LoadedFromMemory doesn't match image F:\gonkiitochka\gonkiitochka\gonkiitochka\Гонки и точка\Гонки и точка\Library\PackageCache\com.unity.visualscripting@1.7.8\Editor\VisualScripting.Core\Dependencies\YamlDotNet\Unity.VisualScripting.YamlDotNet.dll
Symbol file LoadedFromMemory doesn't match image F:\gonkiitochka\gonkiitochka\gonkiitochka\Гонки и точка\Гонки и точка\Library\PackageCache\com.unity.visualscripting@1.7.8\Editor\VisualScripting.Core\Dependencies\DotNetZip\Unity.VisualScripting.IonicZip.dll
Native extension for WindowsStandalone target not found
Refreshing native plugins compatible for Editor in 0.89 ms, found 3 plugins.
Preloading 0 native plugins for Editor in 0.00 ms.
Mono: successfully reloaded assembly
- Completed reload, in  1.122 seconds
Domain Reload Profiling:
	ReloadAssembly (1122ms)
		BeginReloadAssembly (128ms)
			ExecutionOrderSort (0ms)
			DisableScriptedObjects (6ms)
			BackupInstance (0ms)
			ReleaseScriptingObjects (0ms)
			CreateAndSetChildDomain (42ms)
		EndReloadAssembly (904ms)
			LoadAssemblies (80ms)
			RebuildTransferFunctionScriptingTraits (0ms)
			SetupTypeCache (266ms)
			ReleaseScriptCaches (2ms)
			RebuildScriptCaches (62ms)
			SetupLoadedEditorAssemblies (425ms)
				LogAssemblyErrors (0ms)
				InitializePlatformSupportModulesInManaged (12ms)
				SetLoadedEditorAssemblies (1ms)
				RefreshPlugins (1ms)
				BeforeProcessingInitializeOnLoad (81ms)
				ProcessInitializeOnLoadAttributes (248ms)
				ProcessInitializeOnLoadMethodAttributes (79ms)
				AfterProcessingInitializeOnLoad (3ms)
				EditorAssembliesLoaded (0ms)
			ExecutionOrderSort2 (0ms)
			AwakeInstancesAfterBackupRestoration (12ms)
Platform modules already initialized, skipping
Refreshing native plugins compatible for Editor in 2.01 ms, found 3 plugins.
Preloading 0 native plugins for Editor in 0.00 ms.
Unloading 5346 Unused Serialized files (Serialized files now loaded: 0)
Unloading 77 unused Assets / (4.5 MB). Loaded Objects now: 6137.
Memory consumption went from 224.9 MB to 220.4 MB.
Total: 4.598600 ms (FindLiveObjects: 0.422600 ms CreateObjectMapping: 0.354000 ms MarkObjects: 2.327000 ms  DeleteObjects: 1.493800 ms)

AssetImportParameters requested are different than current active one (requested -> active):
  custom:video-decoder-ogg-theora: a1e56fd34408186e4bbccfd4996cb3dc -> 
  custom:container-muxer-webm: aa71ff27fc2769a1b78a27578f13a17b -> 
  custom:container-demuxer-webm: 4f35f7cbe854078d1ac9338744f61a02 -> 
  custom:video-encoder-webm-vp8: eb34c28f22e8b96e1ab97ce403110664 -> 
  custom:audio-encoder-webm-vorbis: bf7c407c2cedff20999df2af8eb42d56 -> 
  custom:framework-win-MediaFoundation: 216162199b28c13a410421893ffa2e32 -> 
  custom:container-demuxer-ogg: 62fdf1f143b41e24485cea50d1cbac27 -> 
  custom:video-decoder-webm-vp8: 9c59270c3fd7afecdb556c50c9e8de78 -> 
  custom:audio-decoder-ogg-vorbis: bf7c407c2cedff20999df2af8eb42d56 -> 
========================================================================
Received Prepare
Registering precompiled user dll's ...
Registered in 0.005197 seconds.
Begin MonoManager ReloadAssembly
Symbol file LoadedFromMemory doesn't match image F:\gonkiitochka\gonkiitochka\gonkiitochka\Гонки и точка\Гонки и точка\Library\PackageCache\com.unity.visualscripting@1.7.8\Editor\VisualScripting.Core\Dependencies\YamlDotNet\Unity.VisualScripting.YamlDotNet.dll
Symbol file LoadedFromMemory doesn't match image F:\gonkiitochka\gonkiitochka\gonkiitochka\Гонки и точка\Гонки и точка\Library\PackageCache\com.unity.visualscripting@1.7.8\Editor\VisualScripting.Core\Dependencies\DotNetZip\Unity.VisualScripting.IonicZip.dll
Native extension for WindowsStandalone target not found
Refreshing native plugins compatible for Editor in 1.08 ms, found 3 plugins.
Preloading 0 native plugins for Editor in 0.00 ms.
Mono: successfully reloaded assembly
- Completed reload, in  1.102 seconds
Domain Reload Profiling:
	ReloadAssembly (1103ms)
		BeginReloadAssembly (133ms)
			ExecutionOrderSort (0ms)
			DisableScriptedObjects (5ms)
			BackupInstance (0ms)
			ReleaseScriptingObjects (0ms)
			CreateAndSetChildDomain (42ms)
		EndReloadAssembly (880ms)
			LoadAssemblies (90ms)
			RebuildTransferFunctionScriptingTraits (0ms)
			SetupTypeCache (265ms)
			ReleaseScriptCaches (2ms)
			RebuildScriptCaches (47ms)
			SetupLoadedEditorAssemblies (416ms)
				LogAssemblyErrors (0ms)
				InitializePlatformSupportModulesInManaged (11ms)
				SetLoadedEditorAssemblies (0ms)
				RefreshPlugins (1ms)
				BeforeProcessingInitializeOnLoad (79ms)
				ProcessInitializeOnLoadAttributes (244ms)
				ProcessInitializeOnLoadMethodAttributes (77ms)
				AfterProcessingInitializeOnLoad (3ms)
				EditorAssembliesLoaded (0ms)
			ExecutionOrderSort2 (0ms)
			AwakeInstancesAfterBackupRestoration (12ms)
Platform modules already initialized, skipping
Refreshing native plugins compatible for Editor in 2.58 ms, found 3 plugins.
Preloading 0 native plugins for Editor in 0.00 ms.
Unloading 5346 Unused Serialized files (Serialized files now loaded: 0)
Unloading 77 unused Assets / (4.5 MB). Loaded Objects now: 6152.
Memory consumption went from 224.9 MB to 220.4 MB.
Total: 5.567000 ms (FindLiveObjects: 0.428900 ms CreateObjectMapping: 0.470000 ms MarkObjects: 3.198400 ms  DeleteObjects: 1.468700 ms)

AssetImportParameters requested are different than current active one (requested -> active):
  custom:video-decoder-ogg-theora: a1e56fd34408186e4bbccfd4996cb3dc -> 
  custom:container-muxer-webm: aa71ff27fc2769a1b78a27578f13a17b -> 
  custom:container-demuxer-webm: 4f35f7cbe854078d1ac9338744f61a02 -> 
  custom:video-encoder-webm-vp8: eb34c28f22e8b96e1ab97ce403110664 -> 
  custom:audio-encoder-webm-vorbis: bf7c407c2cedff20999df2af8eb42d56 -> 
  custom:framework-win-MediaFoundation: 216162199b28c13a410421893ffa2e32 -> 
  custom:container-demuxer-ogg: 62fdf1f143b41e24485cea50d1cbac27 -> 
  custom:video-decoder-webm-vp8: 9c59270c3fd7afecdb556c50c9e8de78 -> 
  custom:audio-decoder-ogg-vorbis: bf7c407c2cedff20999df2af8eb42d56 -> 
========================================================================
Received Prepare
Registering precompiled user dll's ...
Registered in 0.005426 seconds.
Begin MonoManager ReloadAssembly
Symbol file LoadedFromMemory doesn't match image F:\gonkiitochka\gonkiitochka\gonkiitochka\Гонки и точка\Гонки и точка\Library\PackageCache\com.unity.visualscripting@1.7.8\Editor\VisualScripting.Core\Dependencies\YamlDotNet\Unity.VisualScripting.YamlDotNet.dll
Symbol file LoadedFromMemory doesn't match image F:\gonkiitochka\gonkiitochka\gonkiitochka\Гонки и точка\Гонки и точка\Library\PackageCache\com.unity.visualscripting@1.7.8\Editor\VisualScripting.Core\Dependencies\DotNetZip\Unity.VisualScripting.IonicZip.dll
Native extension for WindowsStandalone target not found
Refreshing native plugins compatible for Editor in 0.90 ms, found 3 plugins.
Preloading 0 native plugins for Editor in 0.00 ms.
Mono: successfully reloaded assembly
- Completed reload, in  1.096 seconds
Domain Reload Profiling:
	ReloadAssembly (1097ms)
		BeginReloadAssembly (128ms)
			ExecutionOrderSort (0ms)
			DisableScriptedObjects (5ms)
			BackupInstance (0ms)
			ReleaseScriptingObjects (0ms)
			CreateAndSetChildDomain (41ms)
		EndReloadAssembly (872ms)
			LoadAssemblies (83ms)
			RebuildTransferFunctionScriptingTraits (0ms)
			SetupTypeCache (261ms)
			ReleaseScriptCaches (2ms)
			RebuildScriptCaches (51ms)
			SetupLoadedEditorAssemblies (415ms)
				LogAssemblyErrors (0ms)
				InitializePlatformSupportModulesInManaged (11ms)
				SetLoadedEditorAssemblies (0ms)
				RefreshPlugins (1ms)
				BeforeProcessingInitializeOnLoad (79ms)
				ProcessInitializeOnLoadAttributes (242ms)
				ProcessInitializeOnLoadMethodAttributes (78ms)
				AfterProcessingInitializeOnLoad (3ms)
				EditorAssembliesLoaded (0ms)
			ExecutionOrderSort2 (0ms)
			AwakeInstancesAfterBackupRestoration (12ms)
Platform modules already initialized, skipping
Refreshing native plugins compatible for Editor in 2.86 ms, found 3 plugins.
Preloading 0 native plugins for Editor in 0.00 ms.
Unloading 5346 Unused Serialized files (Serialized files now loaded: 0)
Unloading 77 unused Assets / (4.5 MB). Loaded Objects now: 6167.
Memory consumption went from 224.9 MB to 220.5 MB.
Total: 5.078600 ms (FindLiveObjects: 0.494300 ms CreateObjectMapping: 0.432800 ms MarkObjects: 2.792800 ms  DeleteObjects: 1.357600 ms)

AssetImportParameters requested are different than current active one (requested -> active):
  custom:video-decoder-ogg-theora: a1e56fd34408186e4bbccfd4996cb3dc -> 
  custom:container-muxer-webm: aa71ff27fc2769a1b78a27578f13a17b -> 
  custom:container-demuxer-webm: 4f35f7cbe854078d1ac9338744f61a02 -> 
  custom:video-encoder-webm-vp8: eb34c28f22e8b96e1ab97ce403110664 -> 
  custom:audio-encoder-webm-vorbis: bf7c407c2cedff20999df2af8eb42d56 -> 
  custom:framework-win-MediaFoundation: 216162199b28c13a410421893ffa2e32 -> 
  custom:container-demuxer-ogg: 62fdf1f143b41e24485cea50d1cbac27 -> 
  custom:video-decoder-webm-vp8: 9c59270c3fd7afecdb556c50c9e8de78 -> 
  custom:audio-decoder-ogg-vorbis: bf7c407c2cedff20999df2af8eb42d56 -> 
========================================================================
Received Prepare
Registering precompiled user dll's ...
Registered in 0.005152 seconds.
Begin MonoManager ReloadAssembly
Symbol file LoadedFromMemory doesn't match image F:\gonkiitochka\gonkiitochka\gonkiitochka\Гонки и точка\Гонки и точка\Library\PackageCache\com.unity.visualscripting@1.7.8\Editor\VisualScripting.Core\Dependencies\YamlDotNet\Unity.VisualScripting.YamlDotNet.dll
Symbol file LoadedFromMemory doesn't match image F:\gonkiitochka\gonkiitochka\gonkiitochka\Гонки и точка\Гонки и точка\Library\PackageCache\com.unity.visualscripting@1.7.8\Editor\VisualScripting.Core\Dependencies\DotNetZip\Unity.VisualScripting.IonicZip.dll
Native extension for WindowsStandalone target not found
Refreshing native plugins compatible for Editor in 0.99 ms, found 3 plugins.
Preloading 0 native plugins for Editor in 0.00 ms.
Mono: successfully reloaded assembly
- Completed reload, in  1.093 seconds
Domain Reload Profiling:
	ReloadAssembly (1093ms)
		BeginReloadAssembly (130ms)
			ExecutionOrderSort (0ms)
			DisableScriptedObjects (5ms)
			BackupInstance (0ms)
			ReleaseScriptingObjects (0ms)
			CreateAndSetChildDomain (42ms)
		EndReloadAssembly (871ms)
			LoadAssemblies (85ms)
			RebuildTransferFunctionScriptingTraits (0ms)
			SetupTypeCache (264ms)
			ReleaseScriptCaches (2ms)
			RebuildScriptCaches (47ms)
			SetupLoadedEditorAssemblies (412ms)
				LogAssemblyErrors (0ms)
				InitializePlatformSupportModulesInManaged (11ms)
				SetLoadedEditorAssemblies (0ms)
				RefreshPlugins (1ms)
				BeforeProcessingInitializeOnLoad (80ms)
				ProcessInitializeOnLoadAttributes (242ms)
				ProcessInitializeOnLoadMethodAttributes (74ms)
				AfterProcessingInitializeOnLoad (3ms)
				EditorAssembliesLoaded (0ms)
			ExecutionOrderSort2 (0ms)
			AwakeInstancesAfterBackupRestoration (12ms)
Platform modules already initialized, skipping
Refreshing native plugins compatible for Editor in 2.31 ms, found 3 plugins.
Preloading 0 native plugins for Editor in 0.00 ms.
Unloading 5346 Unused Serialized files (Serialized files now loaded: 0)
Unloading 77 unused Assets / (4.5 MB). Loaded Objects now: 6182.
Memory consumption went from 225.0 MB to 220.5 MB.
Total: 5.535100 ms (FindLiveObjects: 0.470600 ms CreateObjectMapping: 0.458600 ms MarkObjects: 3.207700 ms  DeleteObjects: 1.397400 ms)

AssetImportParameters requested are different than current active one (requested -> active):
  custom:video-decoder-ogg-theora: a1e56fd34408186e4bbccfd4996cb3dc -> 
  custom:container-muxer-webm: aa71ff27fc2769a1b78a27578f13a17b -> 
  custom:container-demuxer-webm: 4f35f7cbe854078d1ac9338744f61a02 -> 
  custom:video-encoder-webm-vp8: eb34c28f22e8b96e1ab97ce403110664 -> 
  custom:audio-encoder-webm-vorbis: bf7c407c2cedff20999df2af8eb42d56 -> 
  custom:framework-win-MediaFoundation: 216162199b28c13a410421893ffa2e32 -> 
  custom:container-demuxer-ogg: 62fdf1f143b41e24485cea50d1cbac27 -> 
  custom:video-decoder-webm-vp8: 9c59270c3fd7afecdb556c50c9e8de78 -> 
  custom:audio-decoder-ogg-vorbis: bf7c407c2cedff20999df2af8eb42d56 -> 
========================================================================
Received Prepare
Registering precompiled user dll's ...
Registered in 0.005044 seconds.
Begin MonoManager ReloadAssembly
Symbol file LoadedFromMemory doesn't match image F:\gonkiitochka\gonkiitochka\gonkiitochka\Гонки и точка\Гонки и точка\Library\PackageCache\com.unity.visualscripting@1.7.8\Editor\VisualScripting.Core\Dependencies\YamlDotNet\Unity.VisualScripting.YamlDotNet.dll
Symbol file LoadedFromMemory doesn't match image F:\gonkiitochka\gonkiitochka\gonkiitochka\Гонки и точка\Гонки и точка\Library\PackageCache\com.unity.visualscripting@1.7.8\Editor\VisualScripting.Core\Dependencies\DotNetZip\Unity.VisualScripting.IonicZip.dll
Native extension for WindowsStandalone target not found
Refreshing native plugins compatible for Editor in 0.92 ms, found 3 plugins.
Preloading 0 native plugins for Editor in 0.00 ms.
Mono: successfully reloaded assembly
- Completed reload, in  1.094 seconds
Domain Reload Profiling:
	ReloadAssembly (1094ms)
		BeginReloadAssembly (129ms)
			ExecutionOrderSort (0ms)
			DisableScriptedObjects (5ms)
			BackupInstance (0ms)
			ReleaseScriptingObjects (0ms)
			CreateAndSetChildDomain (40ms)
		EndReloadAssembly (876ms)
			LoadAssemblies (91ms)
			RebuildTransferFunctionScriptingTraits (0ms)
			SetupTypeCache (263ms)
			ReleaseScriptCaches (2ms)
			RebuildScriptCaches (47ms)
			SetupLoadedEditorAssemblies (409ms)
				LogAssemblyErrors (0ms)
				InitializePlatformSupportModulesInManaged (11ms)
				SetLoadedEditorAssemblies (0ms)
				RefreshPlugins (1ms)
				BeforeProcessingInitializeOnLoad (79ms)
				ProcessInitializeOnLoadAttributes (241ms)
				ProcessInitializeOnLoadMethodAttributes (74ms)
				AfterProcessingInitializeOnLoad (3ms)
				EditorAssembliesLoaded (0ms)
			ExecutionOrderSort2 (0ms)
			AwakeInstancesAfterBackupRestoration (12ms)
Platform modules already initialized, skipping
Refreshing native plugins compatible for Editor in 2.22 ms, found 3 plugins.
Preloading 0 native plugins for Editor in 0.00 ms.
Unloading 5346 Unused Serialized files (Serialized files now loaded: 0)
Unloading 77 unused Assets / (4.5 MB). Loaded Objects now: 6197.
Memory consumption went from 225.0 MB to 220.5 MB.
Total: 5.411500 ms (FindLiveObjects: 0.646300 ms CreateObjectMapping: 0.464600 ms MarkObjects: 2.835300 ms  DeleteObjects: 1.464300 ms)

AssetImportParameters requested are different than current active one (requested -> active):
  custom:video-decoder-ogg-theora: a1e56fd34408186e4bbccfd4996cb3dc -> 
  custom:container-muxer-webm: aa71ff27fc2769a1b78a27578f13a17b -> 
  custom:container-demuxer-webm: 4f35f7cbe854078d1ac9338744f61a02 -> 
  custom:video-encoder-webm-vp8: eb34c28f22e8b96e1ab97ce403110664 -> 
  custom:audio-encoder-webm-vorbis: bf7c407c2cedff20999df2af8eb42d56 -> 
  custom:framework-win-MediaFoundation: 216162199b28c13a410421893ffa2e32 -> 
  custom:container-demuxer-ogg: 62fdf1f143b41e24485cea50d1cbac27 -> 
  custom:video-decoder-webm-vp8: 9c59270c3fd7afecdb556c50c9e8de78 -> 
  custom:audio-decoder-ogg-vorbis: bf7c407c2cedff20999df2af8eb42d56 -> 
